<?xml version="1.0" encoding="UTF-8"?>
<coverage generated="1770051417219" clover="3.2.0">
  <project timestamp="1770051417219" name="All files">
    <metrics statements="305" coveredstatements="286" conditionals="182" coveredconditionals="156" methods="146" coveredmethods="137" elements="633" coveredelements="579" complexity="0" loc="305" ncloc="305" packages="3" files="13" classes="13"/>
    <package name="components">
      <metrics statements="80" coveredstatements="77" conditionals="102" coveredconditionals="97" methods="15" coveredmethods="14"/>
      <file name="AchievementBadge.tsx" path="/Users/alejandrozdut/Documents/rangexp/apps/mobile/src/components/AchievementBadge.tsx">
        <metrics statements="15" coveredstatements="15" conditionals="32" coveredconditionals="32" methods="2" coveredmethods="2"/>
        <line num="20" count="1" type="stmt"/>
        <line num="27" count="1" type="stmt"/>
        <line num="46" count="20" type="cond" truecount="4" falsecount="0"/>
        <line num="47" count="20" type="stmt"/>
        <line num="48" count="20" type="cond" truecount="2" falsecount="0"/>
        <line num="51" count="20" type="stmt"/>
        <line num="52" count="20" type="stmt"/>
        <line num="53" count="20" type="stmt"/>
        <line num="55" count="20" type="stmt"/>
        <line num="56" count="20" type="cond" truecount="4" falsecount="0"/>
        <line num="57" count="1" type="stmt"/>
        <line num="72" count="1" type="stmt"/>
        <line num="89" count="20" type="stmt"/>
        <line num="94" count="20" type="stmt"/>
        <line num="187" count="1" type="stmt"/>
      </file>
      <file name="ActivityFeedItem.tsx" path="/Users/alejandrozdut/Documents/rangexp/apps/mobile/src/components/ActivityFeedItem.tsx">
        <metrics statements="4" coveredstatements="4" conditionals="8" coveredconditionals="8" methods="1" coveredmethods="1"/>
        <line num="22" count="1" type="stmt"/>
        <line num="64" count="23" type="stmt"/>
        <line num="66" count="23" type="stmt"/>
        <line num="126" count="1" type="stmt"/>
      </file>
      <file name="GlucoseCard.tsx" path="/Users/alejandrozdut/Documents/rangexp/apps/mobile/src/components/GlucoseCard.tsx">
        <metrics statements="5" coveredstatements="5" conditionals="8" coveredconditionals="8" methods="1" coveredmethods="1"/>
        <line num="20" count="1" type="stmt"/>
        <line num="41" count="1" type="stmt"/>
        <line num="58" count="18" type="stmt"/>
        <line num="60" count="18" type="stmt"/>
        <line num="106" count="1" type="stmt"/>
      </file>
      <file name="Rex.tsx" path="/Users/alejandrozdut/Documents/rangexp/apps/mobile/src/components/Rex.tsx">
        <metrics statements="34" coveredstatements="31" conditionals="28" coveredconditionals="24" methods="7" coveredmethods="6"/>
        <line num="20" count="1" type="stmt"/>
        <line num="28" count="1" type="stmt"/>
        <line num="45" count="23" type="stmt"/>
        <line num="47" count="23" type="stmt"/>
        <line num="48" count="23" type="stmt"/>
        <line num="50" count="23" type="stmt"/>
        <line num="51" count="23" type="stmt"/>
        <line num="52" count="23" type="stmt"/>
        <line num="53" count="23" type="stmt"/>
        <line num="56" count="23" type="stmt"/>
        <line num="57" count="23" type="cond" truecount="4" falsecount="0"/>
        <line num="58" count="1" type="stmt"/>
        <line num="60" count="1" type="stmt"/>
        <line num="72" count="1" type="stmt"/>
        <line num="73" count="1" type="stmt"/>
        <line num="74" count="1" type="stmt"/>
        <line num="75" count="1" type="stmt"/>
        <line num="81" count="23" type="stmt"/>
        <line num="82" count="21" type="cond" truecount="2" falsecount="0"/>
        <line num="83" count="1" type="stmt"/>
        <line num="93" count="23" type="stmt"/>
        <line num="94" count="22" type="cond" truecount="4" falsecount="0"/>
        <line num="95" count="3" type="stmt"/>
        <line num="101" count="3" type="stmt"/>
        <line num="102" count="3" type="stmt"/>
        <line num="104" count="19" type="stmt"/>
        <line num="108" count="23" type="stmt"/>
        <line num="109" count="0" type="cond" truecount="0" falsecount="4"/>
        <line num="110" count="0" type="stmt"/>
        <line num="114" count="0" type="stmt"/>
        <line num="117" count="23" type="cond" truecount="2" falsecount="0"/>
        <line num="118" count="23" type="cond" truecount="2" falsecount="0"/>
        <line num="120" count="23" type="stmt"/>
        <line num="171" count="1" type="stmt"/>
      </file>
      <file name="SafeScreen.tsx" path="/Users/alejandrozdut/Documents/rangexp/apps/mobile/src/components/SafeScreen.tsx">
        <metrics statements="12" coveredstatements="12" conditionals="18" coveredconditionals="17" methods="2" coveredmethods="2"/>
        <line num="55" count="19" type="stmt"/>
        <line num="58" count="19" type="stmt"/>
        <line num="65" count="19" type="stmt"/>
        <line num="70" count="19" type="stmt"/>
        <line num="75" count="19" type="cond" truecount="2" falsecount="0"/>
        <line num="76" count="1" type="stmt"/>
        <line num="83" count="18" type="cond" truecount="2" falsecount="0"/>
        <line num="84" count="1" type="stmt"/>
        <line num="103" count="17" type="stmt"/>
        <line num="121" count="4" type="stmt"/>
        <line num="122" count="4" type="stmt"/>
        <line num="132" count="1" type="stmt"/>
      </file>
      <file name="XpProgressBar.tsx" path="/Users/alejandrozdut/Documents/rangexp/apps/mobile/src/components/XpProgressBar.tsx">
        <metrics statements="10" coveredstatements="10" conditionals="8" coveredconditionals="8" methods="2" coveredmethods="2"/>
        <line num="22" count="16" type="stmt"/>
        <line num="23" count="16" type="stmt"/>
        <line num="25" count="16" type="cond" truecount="2" falsecount="0"/>
        <line num="27" count="16" type="stmt"/>
        <line num="28" count="16" type="cond" truecount="2" falsecount="0"/>
        <line num="29" count="15" type="stmt"/>
        <line num="35" count="1" type="stmt"/>
        <line num="39" count="16" type="stmt"/>
        <line num="44" count="16" type="stmt"/>
        <line num="88" count="1" type="stmt"/>
      </file>
    </package>
    <package name="hooks">
      <metrics statements="153" coveredstatements="137" conditionals="53" coveredconditionals="35" methods="66" coveredmethods="58"/>
      <file name="useAchievements.ts" path="/Users/alejandrozdut/Documents/rangexp/apps/mobile/src/hooks/useAchievements.ts">
        <metrics statements="25" coveredstatements="25" conditionals="27" coveredconditionals="24" methods="15" coveredmethods="15"/>
        <line num="32" count="22" type="stmt"/>
        <line num="35" count="11" type="stmt"/>
        <line num="36" count="10" type="stmt"/>
        <line num="43" count="6" type="stmt"/>
        <line num="45" count="6" type="cond" truecount="2" falsecount="0"/>
        <line num="46" count="3" type="stmt"/>
        <line num="49" count="3" type="stmt"/>
        <line num="53" count="8" type="cond" truecount="2" falsecount="0"/>
        <line num="60" count="8" type="cond" truecount="2" falsecount="0"/>
        <line num="67" count="8" type="cond" truecount="2" falsecount="0"/>
        <line num="74" count="8" type="cond" truecount="5" falsecount="1"/>
        <line num="80" count="3" type="stmt"/>
        <line num="81" count="12" type="stmt"/>
        <line num="82" count="12" type="stmt"/>
        <line num="85" count="3" type="stmt"/>
        <line num="89" count="6" type="stmt"/>
        <line num="91" count="6" type="cond" truecount="2" falsecount="0"/>
        <line num="93" count="3" type="stmt"/>
        <line num="94" count="12" type="cond" truecount="2" falsecount="0"/>
        <line num="95" count="2" type="stmt"/>
        <line num="100" count="6" type="stmt"/>
        <line num="102" count="6" type="cond" truecount="2" falsecount="0"/>
        <line num="104" count="8" type="stmt"/>
        <line num="105" count="3" type="cond" truecount="2" falsecount="0"/>
        <line num="107" count="1" type="cond" truecount="2" falsecount="2"/>
      </file>
      <file name="useGlucose.ts" path="/Users/alejandrozdut/Documents/rangexp/apps/mobile/src/hooks/useGlucose.ts">
        <metrics statements="46" coveredstatements="30" conditionals="22" coveredconditionals="9" methods="16" coveredmethods="8"/>
        <line num="10" count="6" type="stmt"/>
        <line num="12" count="6" type="stmt"/>
        <line num="15" count="3" type="stmt"/>
        <line num="16" count="3" type="cond" truecount="4" falsecount="0"/>
        <line num="17" count="1" type="stmt"/>
        <line num="18" count="1" type="cond" truecount="1" falsecount="1"/>
        <line num="19" count="1" type="cond" truecount="1" falsecount="1"/>
        <line num="20" count="1" type="stmt"/>
        <line num="22" count="3" type="stmt"/>
        <line num="23" count="2" type="stmt"/>
        <line num="24" count="2" type="stmt"/>
        <line num="31" count="6" type="stmt"/>
        <line num="32" count="6" type="stmt"/>
        <line num="34" count="6" type="stmt"/>
        <line num="36" count="2" type="stmt"/>
        <line num="44" count="2" type="stmt"/>
        <line num="45" count="2" type="cond" truecount="1" falsecount="1"/>
        <line num="46" count="2" type="stmt"/>
        <line num="47" count="2" type="stmt"/>
        <line num="50" count="2" type="stmt"/>
        <line num="53" count="2" type="stmt"/>
        <line num="54" count="2" type="stmt"/>
        <line num="60" count="6" type="stmt"/>
        <line num="61" count="6" type="stmt"/>
        <line num="63" count="6" type="stmt"/>
        <line num="65" count="2" type="stmt"/>
        <line num="66" count="2" type="stmt"/>
        <line num="67" count="1" type="stmt"/>
        <line num="70" count="1" type="stmt"/>
        <line num="71" count="1" type="stmt"/>
        <line num="77" count="0" type="stmt"/>
        <line num="79" count="0" type="cond" truecount="0" falsecount="2"/>
        <line num="81" count="0" type="stmt"/>
        <line num="82" count="0" type="cond" truecount="0" falsecount="2"/>
        <line num="84" count="0" type="stmt"/>
        <line num="85" count="0" type="stmt"/>
        <line num="86" count="0" type="stmt"/>
        <line num="88" count="0" type="cond" truecount="0" falsecount="2"/>
        <line num="92" count="0" type="stmt"/>
        <line num="103" count="0" type="stmt"/>
        <line num="104" count="0" type="stmt"/>
        <line num="106" count="0" type="cond" truecount="0" falsecount="2"/>
        <line num="107" count="0" type="stmt"/>
        <line num="110" count="0" type="stmt"/>
        <line num="111" count="0" type="cond" truecount="0" falsecount="2"/>
        <line num="113" count="0" type="stmt"/>
      </file>
      <file name="useSocial.ts" path="/Users/alejandrozdut/Documents/rangexp/apps/mobile/src/hooks/useSocial.ts">
        <metrics statements="46" coveredstatements="46" conditionals="0" coveredconditionals="0" methods="20" coveredmethods="20"/>
        <line num="24" count="2" type="stmt"/>
        <line num="26" count="2" type="stmt"/>
        <line num="29" count="1" type="stmt"/>
        <line num="30" count="1" type="stmt"/>
        <line num="31" count="1" type="stmt"/>
        <line num="38" count="2" type="stmt"/>
        <line num="40" count="2" type="stmt"/>
        <line num="43" count="1" type="stmt"/>
        <line num="44" count="1" type="stmt"/>
        <line num="45" count="1" type="stmt"/>
        <line num="52" count="2" type="stmt"/>
        <line num="54" count="2" type="stmt"/>
        <line num="57" count="1" type="stmt"/>
        <line num="58" count="1" type="stmt"/>
        <line num="59" count="1" type="stmt"/>
        <line num="67" count="3" type="stmt"/>
        <line num="69" count="3" type="stmt"/>
        <line num="71" count="1" type="stmt"/>
        <line num="72" count="1" type="stmt"/>
        <line num="75" count="1" type="stmt"/>
        <line num="76" count="1" type="stmt"/>
        <line num="82" count="3" type="stmt"/>
        <line num="83" count="3" type="stmt"/>
        <line num="85" count="3" type="stmt"/>
        <line num="87" count="1" type="stmt"/>
        <line num="88" count="1" type="stmt"/>
        <line num="89" count="1" type="stmt"/>
        <line num="92" count="1" type="stmt"/>
        <line num="93" count="1" type="stmt"/>
        <line num="99" count="3" type="stmt"/>
        <line num="100" count="3" type="stmt"/>
        <line num="102" count="3" type="stmt"/>
        <line num="104" count="1" type="stmt"/>
        <line num="105" count="1" type="stmt"/>
        <line num="106" count="1" type="stmt"/>
        <line num="109" count="1" type="stmt"/>
        <line num="115" count="3" type="stmt"/>
        <line num="116" count="3" type="stmt"/>
        <line num="118" count="3" type="stmt"/>
        <line num="120" count="1" type="stmt"/>
        <line num="121" count="1" type="stmt"/>
        <line num="122" count="1" type="stmt"/>
        <line num="125" count="1" type="stmt"/>
        <line num="131" count="6" type="stmt"/>
        <line num="133" count="2" type="stmt"/>
        <line num="134" count="2" type="stmt"/>
      </file>
      <file name="useUser.ts" path="/Users/alejandrozdut/Documents/rangexp/apps/mobile/src/hooks/useUser.ts">
        <metrics statements="36" coveredstatements="36" conditionals="4" coveredconditionals="2" methods="15" coveredmethods="15"/>
        <line num="13" count="5" type="stmt"/>
        <line num="30" count="6" type="stmt"/>
        <line num="32" count="6" type="stmt"/>
        <line num="35" count="3" type="stmt"/>
        <line num="36" count="2" type="stmt"/>
        <line num="37" count="2" type="stmt"/>
        <line num="38" count="2" type="stmt"/>
        <line num="45" count="6" type="stmt"/>
        <line num="46" count="6" type="stmt"/>
        <line num="48" count="6" type="stmt"/>
        <line num="50" count="2" type="stmt"/>
        <line num="51" count="1" type="stmt"/>
        <line num="54" count="1" type="stmt"/>
        <line num="55" count="1" type="stmt"/>
        <line num="61" count="6" type="stmt"/>
        <line num="62" count="6" type="stmt"/>
        <line num="64" count="6" type="stmt"/>
        <line num="67" count="2" type="stmt"/>
        <line num="72" count="1" type="stmt"/>
        <line num="75" count="1" type="stmt"/>
        <line num="76" count="1" type="stmt"/>
        <line num="82" count="6" type="stmt"/>
        <line num="83" count="6" type="stmt"/>
        <line num="85" count="6" type="stmt"/>
        <line num="87" count="2" type="stmt"/>
        <line num="88" count="2" type="stmt"/>
        <line num="91" count="1" type="stmt"/>
        <line num="96" count="2" type="stmt"/>
        <line num="97" count="2" type="stmt"/>
        <line num="103" count="3" type="stmt"/>
        <line num="104" count="3" type="stmt"/>
        <line num="106" count="3" type="stmt"/>
        <line num="108" count="1" type="stmt"/>
        <line num="109" count="1" type="stmt"/>
        <line num="112" count="1" type="stmt"/>
        <line num="113" count="1" type="stmt"/>
      </file>
    </package>
    <package name="store">
      <metrics statements="72" coveredstatements="72" conditionals="27" coveredconditionals="24" methods="65" coveredmethods="65"/>
      <file name="glucoseStore.ts" path="/Users/alejandrozdut/Documents/rangexp/apps/mobile/src/store/glucoseStore.ts">
        <metrics statements="37" coveredstatements="37" conditionals="15" coveredconditionals="12" methods="26" coveredmethods="26"/>
        <line num="29" count="1" type="stmt"/>
        <line num="30" count="55" type="cond" truecount="1" falsecount="1"/>
        <line num="32" count="55" type="cond" truecount="2" falsecount="0"/>
        <line num="33" count="52" type="cond" truecount="2" falsecount="0"/>
        <line num="34" count="48" type="stmt"/>
        <line num="37" count="1" type="stmt"/>
        <line num="38" count="60" type="cond" truecount="2" falsecount="0"/>
        <line num="39" count="2" type="stmt"/>
        <line num="49" count="170" type="stmt"/>
        <line num="50" count="58" type="stmt"/>
        <line num="52" count="170" type="stmt"/>
        <line num="53" count="170" type="stmt"/>
        <line num="54" count="170" type="stmt"/>
        <line num="56" count="58" type="stmt"/>
        <line num="58" count="58" type="stmt"/>
        <line num="68" count="1" type="stmt"/>
        <line num="83" count="1" type="stmt"/>
        <line num="89" count="52" type="stmt"/>
        <line num="96" count="52" type="stmt"/>
        <line num="101" count="52" type="stmt"/>
        <line num="105" count="3" type="stmt"/>
        <line num="107" count="4" type="cond" truecount="3" falsecount="1"/>
        <line num="110" count="3" type="stmt"/>
        <line num="114" count="2" type="stmt"/>
        <line num="115" count="3" type="stmt"/>
        <line num="117" count="2" type="stmt"/>
        <line num="121" count="2" type="stmt"/>
        <line num="122" count="2" type="stmt"/>
        <line num="126" count="1" type="stmt"/>
        <line num="128" count="1" type="cond" truecount="1" falsecount="1"/>
        <line num="135" count="60" type="stmt"/>
        <line num="136" count="60" type="stmt"/>
        <line num="140" count="1" type="stmt"/>
        <line num="141" count="2" type="stmt"/>
        <line num="145" count="3" type="stmt"/>
        <line num="150" count="1" type="stmt"/>
        <line num="151" count="147" type="stmt"/>
      </file>
      <file name="socialStore.ts" path="/Users/alejandrozdut/Documents/rangexp/apps/mobile/src/store/socialStore.ts">
        <metrics statements="18" coveredstatements="18" conditionals="2" coveredconditionals="2" methods="23" coveredmethods="23"/>
        <line num="55" count="1" type="stmt"/>
        <line num="57" count="1" type="stmt"/>
        <line num="63" count="4" type="stmt"/>
        <line num="65" count="9" type="stmt"/>
        <line num="70" count="4" type="stmt"/>
        <line num="71" count="5" type="stmt"/>
        <line num="75" count="4" type="stmt"/>
        <line num="77" count="2" type="stmt"/>
        <line num="78" count="3" type="stmt"/>
        <line num="81" count="1" type="stmt"/>
        <line num="82" count="1" type="stmt"/>
        <line num="85" count="5" type="stmt"/>
        <line num="87" count="1" type="stmt"/>
        <line num="91" count="1" type="stmt"/>
        <line num="93" count="3" type="stmt"/>
        <line num="95" count="4" type="cond" truecount="2" falsecount="0"/>
        <line num="101" count="1" type="stmt"/>
        <line num="102" count="58" type="stmt"/>
      </file>
      <file name="userStore.ts" path="/Users/alejandrozdut/Documents/rangexp/apps/mobile/src/store/userStore.ts">
        <metrics statements="17" coveredstatements="17" conditionals="10" coveredconditionals="10" methods="16" coveredmethods="16"/>
        <line num="42" count="1" type="stmt"/>
        <line num="44" count="1" type="stmt"/>
        <line num="51" count="15" type="stmt"/>
        <line num="57" count="3" type="stmt"/>
        <line num="61" count="7" type="stmt"/>
        <line num="62" count="7" type="cond" truecount="2" falsecount="0"/>
        <line num="64" count="6" type="stmt"/>
        <line num="65" count="6" type="stmt"/>
        <line num="67" count="6" type="stmt"/>
        <line num="76" count="2" type="stmt"/>
        <line num="80" count="2" type="stmt"/>
        <line num="82" count="2" type="stmt"/>
        <line num="84" count="2" type="stmt"/>
        <line num="86" count="3" type="stmt"/>
        <line num="90" count="27" type="stmt"/>
        <line num="100" count="1" type="stmt"/>
        <line num="101" count="63" type="stmt"/>
      </file>
    </package>
  </project>
</coverage>
