{"/Users/alejandrozdut/Documents/rangexp/apps/mobile/src/components/AchievementBadge.tsx": {"path":"/Users/alejandrozdut/Documents/rangexp/apps/mobile/src/components/AchievementBadge.tsx","statementMap":{"0":{"start":{"line":20,"column":21},"end":{"line":25,"column":1}},"1":{"start":{"line":27,"column":21},"end":{"line":32,"column":1}},"2":{"start":{"line":46,"column":20},"end":{"line":46,"column":72}},"3":{"start":{"line":47,"column":19},"end":{"line":47,"column":34}},"4":{"start":{"line":48,"column":16},"end":{"line":48,"column":82}},"5":{"start":{"line":51,"column":20},"end":{"line":51,"column":57}},"6":{"start":{"line":52,"column":21},"end":{"line":52,"column":58}},"7":{"start":{"line":53,"column":23},"end":{"line":53,"column":60}},"8":{"start":{"line":55,"column":2},"end":{"line":87,"column":32}},"9":{"start":{"line":56,"column":4},"end":{"line":86,"column":5}},"10":{"start":{"line":57,"column":6},"end":{"line":69,"column":17}},"11":{"start":{"line":72,"column":6},"end":{"line":85,"column":16}},"12":{"start":{"line":89,"column":19},"end":{"line":92,"column":4}},"13":{"start":{"line":94,"column":2},"end":{"line":184,"column":4}},"14":{"start":{"line":187,"column":15},"end":{"line":254,"column":2}}},"fnMap":{"0":{"name":"AchievementBadge","decl":{"start":{"line":34,"column":16},"end":{"line":34,"column":32}},"loc":{"start":{"line":45,"column":26},"end":{"line":185,"column":1}},"line":45},"1":{"name":"(anonymous_1)","decl":{"start":{"line":55,"column":12},"end":{"line":55,"column":13}},"loc":{"start":{"line":55,"column":18},"end":{"line":87,"column":3}},"line":55}},"branchMap":{"0":{"loc":{"start":{"line":41,"column":2},"end":{"line":41,"column":17}},"type":"default-arg","locations":[{"start":{"line":41,"column":9},"end":{"line":41,"column":17}}],"line":41},"1":{"loc":{"start":{"line":43,"column":2},"end":{"line":43,"column":23}},"type":"default-arg","locations":[{"start":{"line":43,"column":18},"end":{"line":43,"column":23}}],"line":43},"2":{"loc":{"start":{"line":46,"column":20},"end":{"line":46,"column":72}},"type":"cond-expr","locations":[{"start":{"line":46,"column":39},"end":{"line":46,"column":41}},{"start":{"line":46,"column":44},"end":{"line":46,"column":72}}],"line":46},"3":{"loc":{"start":{"line":46,"column":44},"end":{"line":46,"column":72}},"type":"cond-expr","locations":[{"start":{"line":46,"column":64},"end":{"line":46,"column":66}},{"start":{"line":46,"column":69},"end":{"line":46,"column":72}}],"line":46},"4":{"loc":{"start":{"line":48,"column":16},"end":{"line":48,"column":82}},"type":"cond-expr","locations":[{"start":{"line":48,"column":27},"end":{"line":48,"column":47}},{"start":{"line":48,"column":50},"end":{"line":48,"column":82}}],"line":48},"5":{"loc":{"start":{"line":56,"column":4},"end":{"line":86,"column":5}},"type":"if","locations":[{"start":{"line":56,"column":4},"end":{"line":86,"column":5}},{"start":{},"end":{}}],"line":56},"6":{"loc":{"start":{"line":56,"column":8},"end":{"line":56,"column":33}},"type":"binary-expr","locations":[{"start":{"line":56,"column":8},"end":{"line":56,"column":21}},{"start":{"line":56,"column":25},"end":{"line":56,"column":33}}],"line":56},"7":{"loc":{"start":{"line":99,"column":21},"end":{"line":99,"column":39}},"type":"cond-expr","locations":[{"start":{"line":99,"column":32},"end":{"line":99,"column":35}},{"start":{"line":99,"column":38},"end":{"line":99,"column":39}}],"line":99},"8":{"loc":{"start":{"line":108,"column":29},"end":{"line":108,"column":87}},"type":"cond-expr","locations":[{"start":{"line":108,"column":40},"end":{"line":108,"column":45}},{"start":{"line":108,"column":48},"end":{"line":108,"column":87}}],"line":108},"9":{"loc":{"start":{"line":109,"column":25},"end":{"line":109,"column":76}},"type":"cond-expr","locations":[{"start":{"line":109,"column":36},"end":{"line":109,"column":41}},{"start":{"line":109,"column":44},"end":{"line":109,"column":76}}],"line":109},"10":{"loc":{"start":{"line":118,"column":11},"end":{"line":118,"column":33}},"type":"cond-expr","locations":[{"start":{"line":118,"column":22},"end":{"line":118,"column":26}},{"start":{"line":118,"column":29},"end":{"line":118,"column":33}}],"line":118},"11":{"loc":{"start":{"line":122,"column":9},"end":{"line":131,"column":9}},"type":"binary-expr","locations":[{"start":{"line":122,"column":9},"end":{"line":122,"column":17}},{"start":{"line":123,"column":10},"end":{"line":130,"column":12}}],"line":122},"12":{"loc":{"start":{"line":135,"column":7},"end":{"line":150,"column":7}},"type":"binary-expr","locations":[{"start":{"line":135,"column":7},"end":{"line":135,"column":16}},{"start":{"line":135,"column":20},"end":{"line":135,"column":42}},{"start":{"line":136,"column":8},"end":{"line":149,"column":15}}],"line":135},"13":{"loc":{"start":{"line":156,"column":19},"end":{"line":156,"column":71}},"type":"cond-expr","locations":[{"start":{"line":156,"column":30},"end":{"line":156,"column":35}},{"start":{"line":156,"column":38},"end":{"line":156,"column":71}}],"line":156},"14":{"loc":{"start":{"line":167,"column":19},"end":{"line":169,"column":49}},"type":"cond-expr","locations":[{"start":{"line":168,"column":16},"end":{"line":168,"column":47}},{"start":{"line":169,"column":16},"end":{"line":169,"column":49}}],"line":167},"15":{"loc":{"start":{"line":178,"column":7},"end":{"line":182,"column":7}},"type":"binary-expr","locations":[{"start":{"line":178,"column":7},"end":{"line":178,"column":18}},{"start":{"line":178,"column":22},"end":{"line":178,"column":30}},{"start":{"line":179,"column":8},"end":{"line":181,"column":15}}],"line":178}},"s":{"0":1,"1":1,"2":20,"3":20,"4":20,"5":20,"6":20,"7":20,"8":20,"9":20,"10":1,"11":1,"12":20,"13":20,"14":1},"f":{"0":20,"1":20},"b":{"0":[17],"1":[18],"2":[1,19],"3":[18,1],"4":[15,5],"5":[1,19],"6":[20,1],"7":[15,5],"8":[15,5],"9":[15,5],"10":[15,5],"11":[20,15],"12":[20,5,1],"13":[15,5],"14":[15,5],"15":[20,2,1]},"_coverageSchema":"1a1c01bbd47fc00a2c39e90264f33305004495a9","hash":"abd4f3956769f768e9fde2f9d3a5142fcae511a8"}
,"/Users/alejandrozdut/Documents/rangexp/apps/mobile/src/components/ActivityFeedItem.tsx": {"path":"/Users/alejandrozdut/Documents/rangexp/apps/mobile/src/components/ActivityFeedItem.tsx","statementMap":{"0":{"start":{"line":22,"column":23},"end":{"line":48,"column":1}},"1":{"start":{"line":64,"column":17},"end":{"line":64,"column":37}},"2":{"start":{"line":66,"column":2},"end":{"line":123,"column":4}},"3":{"start":{"line":126,"column":15},"end":{"line":210,"column":2}}},"fnMap":{"0":{"name":"ActivityFeedItem","decl":{"start":{"line":50,"column":16},"end":{"line":50,"column":32}},"loc":{"start":{"line":63,"column":26},"end":{"line":124,"column":1}},"line":63}},"branchMap":{"0":{"loc":{"start":{"line":57,"column":2},"end":{"line":57,"column":11}},"type":"default-arg","locations":[{"start":{"line":57,"column":10},"end":{"line":57,"column":11}}],"line":57},"1":{"loc":{"start":{"line":58,"column":2},"end":{"line":58,"column":14}},"type":"default-arg","locations":[{"start":{"line":58,"column":13},"end":{"line":58,"column":14}}],"line":58},"2":{"loc":{"start":{"line":74,"column":9},"end":{"line":80,"column":9}},"type":"cond-expr","locations":[{"start":{"line":75,"column":10},"end":{"line":75,"column":70}},{"start":{"line":77,"column":10},"end":{"line":79,"column":17}}],"line":74},"3":{"loc":{"start":{"line":100,"column":13},"end":{"line":102,"column":13}},"type":"binary-expr","locations":[{"start":{"line":100,"column":13},"end":{"line":100,"column":22}},{"start":{"line":101,"column":14},"end":{"line":101,"column":60}}],"line":100},"4":{"loc":{"start":{"line":111,"column":13},"end":{"line":113,"column":13}},"type":"binary-expr","locations":[{"start":{"line":111,"column":13},"end":{"line":111,"column":25}},{"start":{"line":112,"column":14},"end":{"line":112,"column":63}}],"line":111}},"s":{"0":1,"1":23,"2":23,"3":1},"f":{"0":23},"b":{"0":[21],"1":[21],"2":[1,22],"3":[23,1],"4":[23,1]},"_coverageSchema":"1a1c01bbd47fc00a2c39e90264f33305004495a9","hash":"1709ab3f0530ebbee7ea8c9f98f9dc6fdc19b419"}
,"/Users/alejandrozdut/Documents/rangexp/apps/mobile/src/components/GlucoseCard.tsx": {"path":"/Users/alejandrozdut/Documents/rangexp/apps/mobile/src/components/GlucoseCard.tsx","statementMap":{"0":{"start":{"line":20,"column":21},"end":{"line":39,"column":1}},"1":{"start":{"line":41,"column":19},"end":{"line":45,"column":1}},"2":{"start":{"line":58,"column":17},"end":{"line":58,"column":37}},"3":{"start":{"line":60,"column":2},"end":{"line":103,"column":4}},"4":{"start":{"line":106,"column":15},"end":{"line":169,"column":2}}},"fnMap":{"0":{"name":"GlucoseCard","decl":{"start":{"line":47,"column":16},"end":{"line":47,"column":27}},"loc":{"start":{"line":57,"column":21},"end":{"line":104,"column":1}},"line":57}},"branchMap":{"0":{"loc":{"start":{"line":49,"column":2},"end":{"line":49,"column":16}},"type":"default-arg","locations":[{"start":{"line":49,"column":9},"end":{"line":49,"column":16}}],"line":49},"1":{"loc":{"start":{"line":55,"column":2},"end":{"line":55,"column":17}},"type":"default-arg","locations":[{"start":{"line":55,"column":12},"end":{"line":55,"column":17}}],"line":55},"2":{"loc":{"start":{"line":71,"column":7},"end":{"line":75,"column":7}},"type":"binary-expr","locations":[{"start":{"line":71,"column":7},"end":{"line":71,"column":14}},{"start":{"line":72,"column":8},"end":{"line":74,"column":15}}],"line":71},"3":{"loc":{"start":{"line":89,"column":9},"end":{"line":93,"column":9}},"type":"binary-expr","locations":[{"start":{"line":89,"column":9},"end":{"line":89,"column":14}},{"start":{"line":90,"column":10},"end":{"line":92,"column":17}}],"line":89},"4":{"loc":{"start":{"line":97,"column":7},"end":{"line":101,"column":7}},"type":"binary-expr","locations":[{"start":{"line":97,"column":7},"end":{"line":97,"column":12}},{"start":{"line":98,"column":8},"end":{"line":100,"column":15}}],"line":97}},"s":{"0":1,"1":1,"2":18,"3":18,"4":1},"f":{"0":18},"b":{"0":[17],"1":[17],"2":[18,1],"3":[18,3],"4":[18,1]},"_coverageSchema":"1a1c01bbd47fc00a2c39e90264f33305004495a9","hash":"ffeb55e0283ea2ab4446b599fc85f9b01f3e0afe"}
,"/Users/alejandrozdut/Documents/rangexp/apps/mobile/src/components/Rex.tsx": {"path":"/Users/alejandrozdut/Documents/rangexp/apps/mobile/src/components/Rex.tsx","statementMap":{"0":{"start":{"line":20,"column":43},"end":{"line":26,"column":1}},"1":{"start":{"line":28,"column":71},"end":{"line":33,"column":1}},"2":{"start":{"line":45,"column":21},"end":{"line":45,"column":37}},"3":{"start":{"line":47,"column":40},"end":{"line":47,"column":54}},"4":{"start":{"line":48,"column":34},"end":{"line":48,"column":64}},"5":{"start":{"line":50,"column":25},"end":{"line":50,"column":62}},"6":{"start":{"line":51,"column":22},"end":{"line":51,"column":59}},"7":{"start":{"line":52,"column":20},"end":{"line":52,"column":57}},"8":{"start":{"line":53,"column":21},"end":{"line":53,"column":58}},"9":{"start":{"line":56,"column":2},"end":{"line":78,"column":65}},"10":{"start":{"line":57,"column":4},"end":{"line":77,"column":5}},"11":{"start":{"line":58,"column":6},"end":{"line":58,"column":24}},"12":{"start":{"line":60,"column":6},"end":{"line":76,"column":9}},"13":{"start":{"line":72,"column":8},"end":{"line":72,"column":29}},"14":{"start":{"line":73,"column":8},"end":{"line":73,"column":26}},"15":{"start":{"line":74,"column":8},"end":{"line":74,"column":35}},"16":{"start":{"line":75,"column":8},"end":{"line":75,"column":32}},"17":{"start":{"line":81,"column":2},"end":{"line":90,"column":35}},"18":{"start":{"line":82,"column":4},"end":{"line":89,"column":5}},"19":{"start":{"line":83,"column":6},"end":{"line":88,"column":17}},"20":{"start":{"line":93,"column":2},"end":{"line":106,"column":40}},"21":{"start":{"line":94,"column":4},"end":{"line":105,"column":5}},"22":{"start":{"line":95,"column":20},"end":{"line":100,"column":7}},"23":{"start":{"line":101,"column":6},"end":{"line":101,"column":20}},"24":{"start":{"line":102,"column":6},"end":{"line":102,"column":32}},"25":{"start":{"line":102,"column":19},"end":{"line":102,"column":31}},"26":{"start":{"line":104,"column":6},"end":{"line":104,"column":28}},"27":{"start":{"line":108,"column":22},"end":{"line":115,"column":3}},"28":{"start":{"line":109,"column":4},"end":{"line":109,"column":41}},"29":{"start":{"line":109,"column":34},"end":{"line":109,"column":41}},"30":{"start":{"line":110,"column":4},"end":{"line":113,"column":15}},"31":{"start":{"line":114,"column":4},"end":{"line":114,"column":14}},"32":{"start":{"line":117,"column":20},"end":{"line":117,"column":57}},"33":{"start":{"line":118,"column":25},"end":{"line":118,"column":88}},"34":{"start":{"line":120,"column":2},"end":{"line":168,"column":4}},"35":{"start":{"line":171,"column":15},"end":{"line":225,"column":2}}},"fnMap":{"0":{"name":"Rex","decl":{"start":{"line":35,"column":16},"end":{"line":35,"column":19}},"loc":{"start":{"line":44,"column":13},"end":{"line":169,"column":1}},"line":44},"1":{"name":"(anonymous_1)","decl":{"start":{"line":56,"column":12},"end":{"line":56,"column":13}},"loc":{"start":{"line":56,"column":18},"end":{"line":78,"column":3}},"line":56},"2":{"name":"(anonymous_2)","decl":{"start":{"line":71,"column":15},"end":{"line":71,"column":16}},"loc":{"start":{"line":71,"column":21},"end":{"line":76,"column":7}},"line":71},"3":{"name":"(anonymous_3)","decl":{"start":{"line":81,"column":12},"end":{"line":81,"column":13}},"loc":{"start":{"line":81,"column":18},"end":{"line":90,"column":3}},"line":81},"4":{"name":"(anonymous_4)","decl":{"start":{"line":93,"column":12},"end":{"line":93,"column":13}},"loc":{"start":{"line":93,"column":18},"end":{"line":106,"column":3}},"line":93},"5":{"name":"(anonymous_5)","decl":{"start":{"line":102,"column":13},"end":{"line":102,"column":14}},"loc":{"start":{"line":102,"column":19},"end":{"line":102,"column":31}},"line":102},"6":{"name":"(anonymous_6)","decl":{"start":{"line":108,"column":22},"end":{"line":108,"column":23}},"loc":{"start":{"line":108,"column":28},"end":{"line":115,"column":3}},"line":108}},"branchMap":{"0":{"loc":{"start":{"line":36,"column":2},"end":{"line":36,"column":16}},"type":"default-arg","locations":[{"start":{"line":36,"column":9},"end":{"line":36,"column":16}}],"line":36},"1":{"loc":{"start":{"line":37,"column":2},"end":{"line":37,"column":17}},"type":"default-arg","locations":[{"start":{"line":37,"column":9},"end":{"line":37,"column":17}}],"line":37},"2":{"loc":{"start":{"line":38,"column":2},"end":{"line":38,"column":21}},"type":"default-arg","locations":[{"start":{"line":38,"column":16},"end":{"line":38,"column":21}}],"line":38},"3":{"loc":{"start":{"line":39,"column":2},"end":{"line":39,"column":26}},"type":"default-arg","locations":[{"start":{"line":39,"column":21},"end":{"line":39,"column":26}}],"line":39},"4":{"loc":{"start":{"line":43,"column":2},"end":{"line":43,"column":25}},"type":"default-arg","locations":[{"start":{"line":43,"column":19},"end":{"line":43,"column":25}}],"line":43},"5":{"loc":{"start":{"line":57,"column":4},"end":{"line":77,"column":5}},"type":"if","locations":[{"start":{"line":57,"column":4},"end":{"line":77,"column":5}},{"start":{},"end":{}}],"line":57},"6":{"loc":{"start":{"line":57,"column":8},"end":{"line":57,"column":41}},"type":"binary-expr","locations":[{"start":{"line":57,"column":8},"end":{"line":57,"column":28}},{"start":{"line":57,"column":32},"end":{"line":57,"column":41}}],"line":57},"7":{"loc":{"start":{"line":82,"column":4},"end":{"line":89,"column":5}},"type":"if","locations":[{"start":{"line":82,"column":4},"end":{"line":89,"column":5}},{"start":{},"end":{}}],"line":82},"8":{"loc":{"start":{"line":94,"column":4},"end":{"line":105,"column":5}},"type":"if","locations":[{"start":{"line":94,"column":4},"end":{"line":105,"column":5}},{"start":{"line":103,"column":11},"end":{"line":105,"column":5}}],"line":94},"9":{"loc":{"start":{"line":94,"column":8},"end":{"line":94,"column":64}},"type":"binary-expr","locations":[{"start":{"line":94,"column":8},"end":{"line":94,"column":40}},{"start":{"line":94,"column":44},"end":{"line":94,"column":64}}],"line":94},"10":{"loc":{"start":{"line":109,"column":4},"end":{"line":109,"column":41}},"type":"if","locations":[{"start":{"line":109,"column":4},"end":{"line":109,"column":41}},{"start":{},"end":{}}],"line":109},"11":{"loc":{"start":{"line":109,"column":8},"end":{"line":109,"column":32}},"type":"binary-expr","locations":[{"start":{"line":109,"column":8},"end":{"line":109,"column":20}},{"start":{"line":109,"column":24},"end":{"line":109,"column":32}}],"line":109},"12":{"loc":{"start":{"line":117,"column":20},"end":{"line":117,"column":57}},"type":"cond-expr","locations":[{"start":{"line":117,"column":34},"end":{"line":117,"column":50}},{"start":{"line":117,"column":53},"end":{"line":117,"column":57}}],"line":117},"13":{"loc":{"start":{"line":118,"column":25},"end":{"line":118,"column":88}},"type":"cond-expr","locations":[{"start":{"line":118,"column":39},"end":{"line":118,"column":83}},{"start":{"line":118,"column":86},"end":{"line":118,"column":88}}],"line":118},"14":{"loc":{"start":{"line":146,"column":9},"end":{"line":157,"column":9}},"type":"binary-expr","locations":[{"start":{"line":146,"column":9},"end":{"line":146,"column":17}},{"start":{"line":147,"column":10},"end":{"line":156,"column":26}}],"line":146},"15":{"loc":{"start":{"line":161,"column":7},"end":{"line":166,"column":7}},"type":"binary-expr","locations":[{"start":{"line":161,"column":7},"end":{"line":161,"column":23}},{"start":{"line":161,"column":27},"end":{"line":161,"column":34}},{"start":{"line":162,"column":8},"end":{"line":165,"column":15}}],"line":161}},"s":{"0":1,"1":1,"2":23,"3":23,"4":23,"5":23,"6":23,"7":23,"8":23,"9":23,"10":23,"11":1,"12":1,"13":1,"14":1,"15":1,"16":1,"17":23,"18":21,"19":1,"20":23,"21":22,"22":3,"23":3,"24":3,"25":3,"26":19,"27":23,"28":0,"29":0,"30":0,"31":0,"32":23,"33":23,"34":23,"35":1},"f":{"0":23,"1":23,"2":1,"3":21,"4":22,"5":3,"6":0},"b":{"0":[15],"1":[19],"2":[22],"3":[21],"4":[20],"5":[1,22],"6":[23,2],"7":[1,20],"8":[3,19],"9":[22,21],"10":[0,0],"11":[0,0],"12":[1,22],"13":[1,22],"14":[23,1],"15":[23,2,1]},"_coverageSchema":"1a1c01bbd47fc00a2c39e90264f33305004495a9","hash":"3bb0bead932e1a84e2d37c2e38ce30bbc35fdb59"}
,"/Users/alejandrozdut/Documents/rangexp/apps/mobile/src/components/SafeScreen.tsx": {"path":"/Users/alejandrozdut/Documents/rangexp/apps/mobile/src/components/SafeScreen.tsx","statementMap":{"0":{"start":{"line":55,"column":17},"end":{"line":55,"column":36}},"1":{"start":{"line":58,"column":33},"end":{"line":63,"column":3}},"2":{"start":{"line":65,"column":36},"end":{"line":68,"column":3}},"3":{"start":{"line":70,"column":34},"end":{"line":73,"column":3}},"4":{"start":{"line":75,"column":2},"end":{"line":81,"column":3}},"5":{"start":{"line":76,"column":4},"end":{"line":80,"column":6}},"6":{"start":{"line":83,"column":2},"end":{"line":100,"column":3}},"7":{"start":{"line":84,"column":4},"end":{"line":99,"column":6}},"8":{"start":{"line":103,"column":2},"end":{"line":114,"column":4}},"9":{"start":{"line":121,"column":17},"end":{"line":121,"column":36}},"10":{"start":{"line":122,"column":2},"end":{"line":129,"column":4}},"11":{"start":{"line":132,"column":15},"end":{"line":136,"column":2}}},"fnMap":{"0":{"name":"SafeScreen","decl":{"start":{"line":45,"column":16},"end":{"line":45,"column":26}},"loc":{"start":{"line":54,"column":20},"end":{"line":115,"column":1}},"line":54},"1":{"name":"useSafeArea","decl":{"start":{"line":120,"column":16},"end":{"line":120,"column":27}},"loc":{"start":{"line":120,"column":30},"end":{"line":130,"column":1}},"line":120}},"branchMap":{"0":{"loc":{"start":{"line":47,"column":2},"end":{"line":47,"column":20}},"type":"default-arg","locations":[{"start":{"line":47,"column":12},"end":{"line":47,"column":20}}],"line":47},"1":{"loc":{"start":{"line":48,"column":2},"end":{"line":48,"column":17}},"type":"default-arg","locations":[{"start":{"line":48,"column":10},"end":{"line":48,"column":17}}],"line":48},"2":{"loc":{"start":{"line":49,"column":2},"end":{"line":49,"column":57}},"type":"default-arg","locations":[{"start":{"line":49,"column":20},"end":{"line":49,"column":57}}],"line":49},"3":{"loc":{"start":{"line":52,"column":2},"end":{"line":52,"column":38}},"type":"default-arg","locations":[{"start":{"line":52,"column":22},"end":{"line":52,"column":38}}],"line":52},"4":{"loc":{"start":{"line":59,"column":16},"end":{"line":59,"column":54}},"type":"cond-expr","locations":[{"start":{"line":59,"column":40},"end":{"line":59,"column":50}},{"start":{"line":59,"column":53},"end":{"line":59,"column":54}}],"line":59},"5":{"loc":{"start":{"line":60,"column":19},"end":{"line":60,"column":63}},"type":"cond-expr","locations":[{"start":{"line":60,"column":46},"end":{"line":60,"column":59}},{"start":{"line":60,"column":62},"end":{"line":60,"column":63}}],"line":60},"6":{"loc":{"start":{"line":61,"column":17},"end":{"line":61,"column":57}},"type":"cond-expr","locations":[{"start":{"line":61,"column":42},"end":{"line":61,"column":53}},{"start":{"line":61,"column":56},"end":{"line":61,"column":57}}],"line":61},"7":{"loc":{"start":{"line":62,"column":18},"end":{"line":62,"column":60}},"type":"cond-expr","locations":[{"start":{"line":62,"column":44},"end":{"line":62,"column":56}},{"start":{"line":62,"column":59},"end":{"line":62,"column":60}}],"line":62},"8":{"loc":{"start":{"line":75,"column":2},"end":{"line":81,"column":3}},"type":"if","locations":[{"start":{"line":75,"column":2},"end":{"line":81,"column":3}},{"start":{},"end":{}}],"line":75},"9":{"loc":{"start":{"line":83,"column":2},"end":{"line":100,"column":3}},"type":"if","locations":[{"start":{"line":83,"column":2},"end":{"line":100,"column":3}},{"start":{},"end":{}}],"line":83},"10":{"loc":{"start":{"line":87,"column":18},"end":{"line":87,"column":62}},"type":"cond-expr","locations":[{"start":{"line":87,"column":42},"end":{"line":87,"column":51}},{"start":{"line":87,"column":54},"end":{"line":87,"column":62}}],"line":87}},"s":{"0":19,"1":19,"2":19,"3":19,"4":19,"5":1,"6":18,"7":1,"8":17,"9":4,"10":4,"11":1},"f":{"0":19,"1":4},"b":{"0":[16],"1":[16],"2":[18],"3":[17],"4":[18,1],"5":[2,17],"6":[1,18],"7":[1,18],"8":[1,18],"9":[1,17],"10":[1,0]},"_coverageSchema":"1a1c01bbd47fc00a2c39e90264f33305004495a9","hash":"104c640a3717d356f9554d50321f2f6374977145"}
,"/Users/alejandrozdut/Documents/rangexp/apps/mobile/src/components/XpProgressBar.tsx": {"path":"/Users/alejandrozdut/Documents/rangexp/apps/mobile/src/components/XpProgressBar.tsx","statementMap":{"0":{"start":{"line":22,"column":19},"end":{"line":22,"column":55}},"1":{"start":{"line":23,"column":19},"end":{"line":23,"column":42}},"2":{"start":{"line":25,"column":27},"end":{"line":25,"column":86}},"3":{"start":{"line":27,"column":2},"end":{"line":37,"column":27}},"4":{"start":{"line":28,"column":4},"end":{"line":36,"column":5}},"5":{"start":{"line":29,"column":6},"end":{"line":33,"column":17}},"6":{"start":{"line":35,"column":6},"end":{"line":35,"column":42}},"7":{"start":{"line":39,"column":16},"end":{"line":42,"column":4}},"8":{"start":{"line":44,"column":2},"end":{"line":85,"column":4}},"9":{"start":{"line":88,"column":15},"end":{"line":148,"column":2}}},"fnMap":{"0":{"name":"XpProgressBar","decl":{"start":{"line":14,"column":16},"end":{"line":14,"column":29}},"loc":{"start":{"line":21,"column":23},"end":{"line":86,"column":1}},"line":21},"1":{"name":"(anonymous_1)","decl":{"start":{"line":27,"column":12},"end":{"line":27,"column":13}},"loc":{"start":{"line":27,"column":18},"end":{"line":37,"column":3}},"line":27}},"branchMap":{"0":{"loc":{"start":{"line":18,"column":2},"end":{"line":18,"column":20}},"type":"default-arg","locations":[{"start":{"line":18,"column":16},"end":{"line":18,"column":20}}],"line":18},"1":{"loc":{"start":{"line":19,"column":2},"end":{"line":19,"column":17}},"type":"default-arg","locations":[{"start":{"line":19,"column":13},"end":{"line":19,"column":17}}],"line":19},"2":{"loc":{"start":{"line":25,"column":53},"end":{"line":25,"column":76}},"type":"cond-expr","locations":[{"start":{"line":25,"column":64},"end":{"line":25,"column":65}},{"start":{"line":25,"column":68},"end":{"line":25,"column":76}}],"line":25},"3":{"loc":{"start":{"line":28,"column":4},"end":{"line":36,"column":5}},"type":"if","locations":[{"start":{"line":28,"column":4},"end":{"line":36,"column":5}},{"start":{"line":34,"column":11},"end":{"line":36,"column":5}}],"line":28},"4":{"loc":{"start":{"line":78,"column":7},"end":{"line":83,"column":7}},"type":"binary-expr","locations":[{"start":{"line":78,"column":7},"end":{"line":78,"column":18}},{"start":{"line":79,"column":8},"end":{"line":82,"column":15}}],"line":78}},"s":{"0":16,"1":16,"2":16,"3":16,"4":16,"5":15,"6":1,"7":16,"8":16,"9":1},"f":{"0":16,"1":16},"b":{"0":[15],"1":[14],"2":[15,1],"3":[15,1],"4":[16,15]},"_coverageSchema":"1a1c01bbd47fc00a2c39e90264f33305004495a9","hash":"d22740f6278d45ea5c9f4019cc3b30d43bce2784"}
,"/Users/alejandrozdut/Documents/rangexp/apps/mobile/src/hooks/useAchievements.ts": {"path":"/Users/alejandrozdut/Documents/rangexp/apps/mobile/src/hooks/useAchievements.ts","statementMap":{"0":{"start":{"line":32,"column":2},"end":{"line":39,"column":5}},"1":{"start":{"line":35,"column":23},"end":{"line":35,"column":81}},"2":{"start":{"line":36,"column":6},"end":{"line":36,"column":31}},"3":{"start":{"line":43,"column":42},"end":{"line":43,"column":59}},"4":{"start":{"line":45,"column":2},"end":{"line":47,"column":3}},"5":{"start":{"line":46,"column":4},"end":{"line":46,"column":39}},"6":{"start":{"line":49,"column":44},"end":{"line":78,"column":3}},"7":{"start":{"line":53,"column":45},"end":{"line":53,"column":92}},"8":{"start":{"line":60,"column":45},"end":{"line":60,"column":97}},"9":{"start":{"line":67,"column":45},"end":{"line":67,"column":92}},"10":{"start":{"line":74,"column":45},"end":{"line":74,"column":205}},"11":{"start":{"line":80,"column":2},"end":{"line":83,"column":5}},"12":{"start":{"line":81,"column":4},"end":{"line":81,"column":72}},"13":{"start":{"line":81,"column":53},"end":{"line":81,"column":63}},"14":{"start":{"line":82,"column":4},"end":{"line":82,"column":45}},"15":{"start":{"line":85,"column":2},"end":{"line":85,"column":33}},"16":{"start":{"line":89,"column":33},"end":{"line":89,"column":50}},"17":{"start":{"line":91,"column":2},"end":{"line":91,"column":31}},"18":{"start":{"line":91,"column":21},"end":{"line":91,"column":31}},"19":{"start":{"line":93,"column":2},"end":{"line":96,"column":21}},"20":{"start":{"line":94,"column":17},"end":{"line":94,"column":43}},"21":{"start":{"line":95,"column":20},"end":{"line":95,"column":89}},"22":{"start":{"line":100,"column":33},"end":{"line":100,"column":50}},"23":{"start":{"line":102,"column":2},"end":{"line":102,"column":33}},"24":{"start":{"line":102,"column":21},"end":{"line":102,"column":33}},"25":{"start":{"line":104,"column":17},"end":{"line":104,"column":54}},"26":{"start":{"line":104,"column":42},"end":{"line":104,"column":53}},"27":{"start":{"line":105,"column":2},"end":{"line":105,"column":39}},"28":{"start":{"line":105,"column":27},"end":{"line":105,"column":39}},"29":{"start":{"line":107,"column":2},"end":{"line":107,"column":73}},"30":{"start":{"line":107,"column":31},"end":{"line":107,"column":68}}},"fnMap":{"0":{"name":"useAchievements","decl":{"start":{"line":31,"column":16},"end":{"line":31,"column":31}},"loc":{"start":{"line":31,"column":34},"end":{"line":40,"column":1}},"line":31},"1":{"name":"(anonymous_1)","decl":{"start":{"line":34,"column":13},"end":{"line":34,"column":14}},"loc":{"start":{"line":34,"column":25},"end":{"line":37,"column":5}},"line":34},"2":{"name":"useAchievementCategories","decl":{"start":{"line":42,"column":16},"end":{"line":42,"column":40}},"loc":{"start":{"line":42,"column":43},"end":{"line":86,"column":1}},"line":42},"3":{"name":"(anonymous_3)","decl":{"start":{"line":53,"column":40},"end":{"line":53,"column":41}},"loc":{"start":{"line":53,"column":45},"end":{"line":53,"column":92}},"line":53},"4":{"name":"(anonymous_4)","decl":{"start":{"line":60,"column":40},"end":{"line":60,"column":41}},"loc":{"start":{"line":60,"column":45},"end":{"line":60,"column":97}},"line":60},"5":{"name":"(anonymous_5)","decl":{"start":{"line":67,"column":40},"end":{"line":67,"column":41}},"loc":{"start":{"line":67,"column":45},"end":{"line":67,"column":92}},"line":67},"6":{"name":"(anonymous_6)","decl":{"start":{"line":74,"column":40},"end":{"line":74,"column":41}},"loc":{"start":{"line":74,"column":45},"end":{"line":74,"column":205}},"line":74},"7":{"name":"(anonymous_7)","decl":{"start":{"line":80,"column":21},"end":{"line":80,"column":22}},"loc":{"start":{"line":80,"column":28},"end":{"line":83,"column":3}},"line":80},"8":{"name":"(anonymous_8)","decl":{"start":{"line":81,"column":48},"end":{"line":81,"column":49}},"loc":{"start":{"line":81,"column":53},"end":{"line":81,"column":63}},"line":81},"9":{"name":"useRecentAchievements","decl":{"start":{"line":88,"column":16},"end":{"line":88,"column":37}},"loc":{"start":{"line":88,"column":49},"end":{"line":97,"column":1}},"line":88},"10":{"name":"(anonymous_10)","decl":{"start":{"line":94,"column":12},"end":{"line":94,"column":13}},"loc":{"start":{"line":94,"column":17},"end":{"line":94,"column":43}},"line":94},"11":{"name":"(anonymous_11)","decl":{"start":{"line":95,"column":10},"end":{"line":95,"column":11}},"loc":{"start":{"line":95,"column":20},"end":{"line":95,"column":89}},"line":95},"12":{"name":"useNextAchievement","decl":{"start":{"line":99,"column":16},"end":{"line":99,"column":34}},"loc":{"start":{"line":99,"column":37},"end":{"line":108,"column":1}},"line":99},"13":{"name":"(anonymous_13)","decl":{"start":{"line":104,"column":37},"end":{"line":104,"column":38}},"loc":{"start":{"line":104,"column":42},"end":{"line":104,"column":53}},"line":104},"14":{"name":"(anonymous_14)","decl":{"start":{"line":107,"column":21},"end":{"line":107,"column":22}},"loc":{"start":{"line":107,"column":31},"end":{"line":107,"column":68}},"line":107}},"branchMap":{"0":{"loc":{"start":{"line":45,"column":2},"end":{"line":47,"column":3}},"type":"if","locations":[{"start":{"line":45,"column":2},"end":{"line":47,"column":3}},{"start":{},"end":{}}],"line":45},"1":{"loc":{"start":{"line":53,"column":45},"end":{"line":53,"column":92}},"type":"binary-expr","locations":[{"start":{"line":53,"column":45},"end":{"line":53,"column":68}},{"start":{"line":53,"column":72},"end":{"line":53,"column":92}}],"line":53},"2":{"loc":{"start":{"line":60,"column":45},"end":{"line":60,"column":97}},"type":"binary-expr","locations":[{"start":{"line":60,"column":45},"end":{"line":60,"column":69}},{"start":{"line":60,"column":73},"end":{"line":60,"column":97}}],"line":60},"3":{"loc":{"start":{"line":67,"column":45},"end":{"line":67,"column":92}},"type":"binary-expr","locations":[{"start":{"line":67,"column":45},"end":{"line":67,"column":66}},{"start":{"line":67,"column":70},"end":{"line":67,"column":92}}],"line":67},"4":{"loc":{"start":{"line":74,"column":45},"end":{"line":74,"column":205}},"type":"binary-expr","locations":[{"start":{"line":74,"column":45},"end":{"line":74,"column":69}},{"start":{"line":74,"column":73},"end":{"line":74,"column":94}},{"start":{"line":74,"column":98},"end":{"line":74,"column":123}},{"start":{"line":74,"column":127},"end":{"line":74,"column":152}},{"start":{"line":74,"column":156},"end":{"line":74,"column":178}},{"start":{"line":74,"column":182},"end":{"line":74,"column":205}}],"line":74},"5":{"loc":{"start":{"line":88,"column":38},"end":{"line":88,"column":47}},"type":"default-arg","locations":[{"start":{"line":88,"column":46},"end":{"line":88,"column":47}}],"line":88},"6":{"loc":{"start":{"line":91,"column":2},"end":{"line":91,"column":31}},"type":"if","locations":[{"start":{"line":91,"column":2},"end":{"line":91,"column":31}},{"start":{},"end":{}}],"line":91},"7":{"loc":{"start":{"line":94,"column":17},"end":{"line":94,"column":43}},"type":"binary-expr","locations":[{"start":{"line":94,"column":17},"end":{"line":94,"column":27}},{"start":{"line":94,"column":31},"end":{"line":94,"column":43}}],"line":94},"8":{"loc":{"start":{"line":102,"column":2},"end":{"line":102,"column":33}},"type":"if","locations":[{"start":{"line":102,"column":2},"end":{"line":102,"column":33}},{"start":{},"end":{}}],"line":102},"9":{"loc":{"start":{"line":105,"column":2},"end":{"line":105,"column":39}},"type":"if","locations":[{"start":{"line":105,"column":2},"end":{"line":105,"column":39}},{"start":{},"end":{}}],"line":105},"10":{"loc":{"start":{"line":107,"column":32},"end":{"line":107,"column":47}},"type":"binary-expr","locations":[{"start":{"line":107,"column":32},"end":{"line":107,"column":42}},{"start":{"line":107,"column":46},"end":{"line":107,"column":47}}],"line":107},"11":{"loc":{"start":{"line":107,"column":52},"end":{"line":107,"column":67}},"type":"binary-expr","locations":[{"start":{"line":107,"column":52},"end":{"line":107,"column":62}},{"start":{"line":107,"column":66},"end":{"line":107,"column":67}}],"line":107}},"s":{"0":22,"1":11,"2":10,"3":6,"4":6,"5":3,"6":3,"7":8,"8":8,"9":8,"10":8,"11":3,"12":12,"13":8,"14":12,"15":3,"16":6,"17":6,"18":3,"19":3,"20":12,"21":2,"22":6,"23":6,"24":3,"25":3,"26":8,"27":3,"28":2,"29":1,"30":1},"f":{"0":22,"1":11,"2":6,"3":8,"4":8,"5":8,"6":8,"7":12,"8":8,"9":6,"10":12,"11":2,"12":6,"13":8,"14":1},"b":{"0":[3,3],"1":[8,6],"2":[8,6],"3":[8,6],"4":[8,6,6,4,2,0],"5":[2],"6":[3,3],"7":[12,4],"8":[3,3],"9":[2,1],"10":[1,0],"11":[1,0]},"_coverageSchema":"1a1c01bbd47fc00a2c39e90264f33305004495a9","hash":"52e3e0f9a20a6327fbf8c687d07396384ac12c53"}
,"/Users/alejandrozdut/Documents/rangexp/apps/mobile/src/hooks/useGlucose.ts": {"path":"/Users/alejandrozdut/Documents/rangexp/apps/mobile/src/hooks/useGlucose.ts","statementMap":{"0":{"start":{"line":10,"column":26},"end":{"line":10,"column":43}},"1":{"start":{"line":12,"column":2},"end":{"line":27,"column":5}},"2":{"start":{"line":15,"column":16},"end":{"line":15,"column":26}},"3":{"start":{"line":16,"column":6},"end":{"line":21,"column":7}},"4":{"start":{"line":17,"column":23},"end":{"line":17,"column":44}},"5":{"start":{"line":18,"column":8},"end":{"line":18,"column":77}},"6":{"start":{"line":18,"column":31},"end":{"line":18,"column":77}},"7":{"start":{"line":19,"column":8},"end":{"line":19,"column":71}},"8":{"start":{"line":19,"column":29},"end":{"line":19,"column":71}},"9":{"start":{"line":20,"column":8},"end":{"line":20,"column":39}},"10":{"start":{"line":22,"column":23},"end":{"line":22,"column":72}},"11":{"start":{"line":23,"column":6},"end":{"line":23,"column":33}},"12":{"start":{"line":24,"column":6},"end":{"line":24,"column":27}},"13":{"start":{"line":31,"column":22},"end":{"line":31,"column":38}},"14":{"start":{"line":32,"column":59},"end":{"line":32,"column":76}},"15":{"start":{"line":34,"column":2},"end":{"line":56,"column":5}},"16":{"start":{"line":36,"column":6},"end":{"line":42,"column":9}},"17":{"start":{"line":44,"column":22},"end":{"line":44,"column":57}},"18":{"start":{"line":45,"column":6},"end":{"line":48,"column":7}},"19":{"start":{"line":46,"column":8},"end":{"line":46,"column":50}},"20":{"start":{"line":47,"column":8},"end":{"line":47,"column":30}},"21":{"start":{"line":50,"column":6},"end":{"line":50,"column":21}},"22":{"start":{"line":53,"column":6},"end":{"line":53,"column":72}},"23":{"start":{"line":54,"column":6},"end":{"line":54,"column":61}},"24":{"start":{"line":60,"column":22},"end":{"line":60,"column":38}},"25":{"start":{"line":61,"column":28},"end":{"line":61,"column":45}},"26":{"start":{"line":63,"column":2},"end":{"line":73,"column":5}},"27":{"start":{"line":65,"column":6},"end":{"line":65,"column":24}},"28":{"start":{"line":66,"column":6},"end":{"line":66,"column":47}},"29":{"start":{"line":67,"column":6},"end":{"line":67,"column":16}},"30":{"start":{"line":70,"column":6},"end":{"line":70,"column":72}},"31":{"start":{"line":71,"column":6},"end":{"line":71,"column":61}},"32":{"start":{"line":77,"column":29},"end":{"line":77,"column":49}},"33":{"start":{"line":79,"column":2},"end":{"line":79,"column":29}},"34":{"start":{"line":79,"column":17},"end":{"line":79,"column":29}},"35":{"start":{"line":81,"column":16},"end":{"line":81,"column":74}},"36":{"start":{"line":81,"column":57},"end":{"line":81,"column":70}},"37":{"start":{"line":82,"column":18},"end":{"line":82,"column":79}},"38":{"start":{"line":84,"column":19},"end":{"line":84,"column":73}},"39":{"start":{"line":84,"column":47},"end":{"line":84,"column":65}},"40":{"start":{"line":85,"column":22},"end":{"line":85,"column":79}},"41":{"start":{"line":85,"column":50},"end":{"line":85,"column":71}},"42":{"start":{"line":86,"column":20},"end":{"line":86,"column":75}},"43":{"start":{"line":86,"column":48},"end":{"line":86,"column":67}},"44":{"start":{"line":88,"column":22},"end":{"line":90,"column":7}},"45":{"start":{"line":92,"column":2},"end":{"line":99,"column":4}},"46":{"start":{"line":103,"column":29},"end":{"line":103,"column":49}},"47":{"start":{"line":104,"column":16},"end":{"line":104,"column":41}},"48":{"start":{"line":106,"column":24},"end":{"line":108,"column":9}},"49":{"start":{"line":107,"column":16},"end":{"line":107,"column":62}},"50":{"start":{"line":110,"column":16},"end":{"line":110,"column":79}},"51":{"start":{"line":110,"column":62},"end":{"line":110,"column":75}},"52":{"start":{"line":111,"column":18},"end":{"line":111,"column":89}},"53":{"start":{"line":113,"column":2},"end":{"line":117,"column":4}}},"fnMap":{"0":{"name":"useGlucoseReadings","decl":{"start":{"line":9,"column":16},"end":{"line":9,"column":34}},"loc":{"start":{"line":9,"column":87},"end":{"line":28,"column":1}},"line":9},"1":{"name":"(anonymous_1)","decl":{"start":{"line":14,"column":13},"end":{"line":14,"column":14}},"loc":{"start":{"line":14,"column":25},"end":{"line":25,"column":5}},"line":14},"2":{"name":"useAddGlucose","decl":{"start":{"line":30,"column":16},"end":{"line":30,"column":29}},"loc":{"start":{"line":30,"column":32},"end":{"line":57,"column":1}},"line":30},"3":{"name":"(anonymous_3)","decl":{"start":{"line":35,"column":16},"end":{"line":35,"column":17}},"loc":{"start":{"line":35,"column":115},"end":{"line":51,"column":5}},"line":35},"4":{"name":"(anonymous_4)","decl":{"start":{"line":52,"column":15},"end":{"line":52,"column":16}},"loc":{"start":{"line":52,"column":21},"end":{"line":55,"column":5}},"line":52},"5":{"name":"useDeleteGlucose","decl":{"start":{"line":59,"column":16},"end":{"line":59,"column":32}},"loc":{"start":{"line":59,"column":35},"end":{"line":74,"column":1}},"line":59},"6":{"name":"(anonymous_6)","decl":{"start":{"line":64,"column":16},"end":{"line":64,"column":17}},"loc":{"start":{"line":64,"column":38},"end":{"line":68,"column":5}},"line":64},"7":{"name":"(anonymous_7)","decl":{"start":{"line":69,"column":15},"end":{"line":69,"column":16}},"loc":{"start":{"line":69,"column":21},"end":{"line":72,"column":5}},"line":69},"8":{"name":"useGlucoseStats","decl":{"start":{"line":76,"column":16},"end":{"line":76,"column":31}},"loc":{"start":{"line":76,"column":34},"end":{"line":100,"column":1}},"line":76},"9":{"name":"(anonymous_9)","decl":{"start":{"line":81,"column":32},"end":{"line":81,"column":33}},"loc":{"start":{"line":81,"column":57},"end":{"line":81,"column":70}},"line":81},"10":{"name":"(anonymous_10)","decl":{"start":{"line":84,"column":35},"end":{"line":84,"column":36}},"loc":{"start":{"line":84,"column":47},"end":{"line":84,"column":65}},"line":84},"11":{"name":"(anonymous_11)","decl":{"start":{"line":85,"column":38},"end":{"line":85,"column":39}},"loc":{"start":{"line":85,"column":50},"end":{"line":85,"column":71}},"line":85},"12":{"name":"(anonymous_12)","decl":{"start":{"line":86,"column":36},"end":{"line":86,"column":37}},"loc":{"start":{"line":86,"column":48},"end":{"line":86,"column":67}},"line":86},"13":{"name":"useTodayStats","decl":{"start":{"line":102,"column":16},"end":{"line":102,"column":29}},"loc":{"start":{"line":102,"column":32},"end":{"line":118,"column":1}},"line":102},"14":{"name":"(anonymous_14)","decl":{"start":{"line":107,"column":4},"end":{"line":107,"column":5}},"loc":{"start":{"line":107,"column":16},"end":{"line":107,"column":62}},"line":107},"15":{"name":"(anonymous_15)","decl":{"start":{"line":110,"column":37},"end":{"line":110,"column":38}},"loc":{"start":{"line":110,"column":62},"end":{"line":110,"column":75}},"line":110}},"branchMap":{"0":{"loc":{"start":{"line":16,"column":6},"end":{"line":21,"column":7}},"type":"if","locations":[{"start":{"line":16,"column":6},"end":{"line":21,"column":7}},{"start":{},"end":{}}],"line":16},"1":{"loc":{"start":{"line":16,"column":10},"end":{"line":16,"column":48}},"type":"binary-expr","locations":[{"start":{"line":16,"column":10},"end":{"line":16,"column":28}},{"start":{"line":16,"column":32},"end":{"line":16,"column":48}}],"line":16},"2":{"loc":{"start":{"line":18,"column":8},"end":{"line":18,"column":77}},"type":"if","locations":[{"start":{"line":18,"column":8},"end":{"line":18,"column":77}},{"start":{},"end":{}}],"line":18},"3":{"loc":{"start":{"line":19,"column":8},"end":{"line":19,"column":71}},"type":"if","locations":[{"start":{"line":19,"column":8},"end":{"line":19,"column":71}},{"start":{},"end":{}}],"line":19},"4":{"loc":{"start":{"line":40,"column":19},"end":{"line":40,"column":64}},"type":"binary-expr","locations":[{"start":{"line":40,"column":19},"end":{"line":40,"column":36}},{"start":{"line":40,"column":40},"end":{"line":40,"column":64}}],"line":40},"5":{"loc":{"start":{"line":45,"column":6},"end":{"line":48,"column":7}},"type":"if","locations":[{"start":{"line":45,"column":6},"end":{"line":48,"column":7}},{"start":{},"end":{}}],"line":45},"6":{"loc":{"start":{"line":79,"column":2},"end":{"line":79,"column":29}},"type":"if","locations":[{"start":{"line":79,"column":2},"end":{"line":79,"column":29}},{"start":{},"end":{}}],"line":79},"7":{"loc":{"start":{"line":82,"column":18},"end":{"line":82,"column":79}},"type":"cond-expr","locations":[{"start":{"line":82,"column":40},"end":{"line":82,"column":75}},{"start":{"line":82,"column":78},"end":{"line":82,"column":79}}],"line":82},"8":{"loc":{"start":{"line":88,"column":22},"end":{"line":90,"column":7}},"type":"cond-expr","locations":[{"start":{"line":89,"column":6},"end":{"line":89,"column":55}},{"start":{"line":90,"column":6},"end":{"line":90,"column":7}}],"line":88},"9":{"loc":{"start":{"line":106,"column":24},"end":{"line":108,"column":9}},"type":"binary-expr","locations":[{"start":{"line":106,"column":24},"end":{"line":108,"column":3}},{"start":{"line":108,"column":7},"end":{"line":108,"column":9}}],"line":106},"10":{"loc":{"start":{"line":111,"column":18},"end":{"line":111,"column":89}},"type":"cond-expr","locations":[{"start":{"line":111,"column":45},"end":{"line":111,"column":85}},{"start":{"line":111,"column":88},"end":{"line":111,"column":89}}],"line":111}},"s":{"0":6,"1":6,"2":3,"3":3,"4":1,"5":1,"6":1,"7":1,"8":1,"9":1,"10":3,"11":2,"12":2,"13":6,"14":6,"15":6,"16":2,"17":2,"18":2,"19":2,"20":2,"21":2,"22":2,"23":2,"24":6,"25":6,"26":6,"27":2,"28":2,"29":1,"30":1,"31":1,"32":0,"33":0,"34":0,"35":0,"36":0,"37":0,"38":0,"39":0,"40":0,"41":0,"42":0,"43":0,"44":0,"45":0,"46":0,"47":0,"48":0,"49":0,"50":0,"51":0,"52":0,"53":0},"f":{"0":6,"1":3,"2":6,"3":2,"4":2,"5":6,"6":2,"7":1,"8":0,"9":0,"10":0,"11":0,"12":0,"13":0,"14":0,"15":0},"b":{"0":[1,2],"1":[3,2],"2":[1,0],"3":[1,0],"4":[2,1],"5":[2,0],"6":[0,0],"7":[0,0],"8":[0,0],"9":[0,0],"10":[0,0]},"_coverageSchema":"1a1c01bbd47fc00a2c39e90264f33305004495a9","hash":"327533df8133757d0d2cfe1e29c62e7b1e1a1aad"}
,"/Users/alejandrozdut/Documents/rangexp/apps/mobile/src/hooks/useSocial.ts": {"path":"/Users/alejandrozdut/Documents/rangexp/apps/mobile/src/hooks/useSocial.ts","statementMap":{"0":{"start":{"line":24,"column":25},"end":{"line":24,"column":41}},"1":{"start":{"line":26,"column":2},"end":{"line":34,"column":5}},"2":{"start":{"line":29,"column":23},"end":{"line":29,"column":71}},"3":{"start":{"line":30,"column":6},"end":{"line":30,"column":31}},"4":{"start":{"line":31,"column":6},"end":{"line":31,"column":26}},"5":{"start":{"line":38,"column":33},"end":{"line":38,"column":49}},"6":{"start":{"line":40,"column":2},"end":{"line":48,"column":5}},"7":{"start":{"line":43,"column":23},"end":{"line":43,"column":87}},"8":{"start":{"line":44,"column":6},"end":{"line":44,"column":40}},"9":{"start":{"line":45,"column":6},"end":{"line":45,"column":27}},"10":{"start":{"line":52,"column":30},"end":{"line":52,"column":46}},"11":{"start":{"line":54,"column":2},"end":{"line":63,"column":5}},"12":{"start":{"line":57,"column":23},"end":{"line":57,"column":73}},"13":{"start":{"line":58,"column":6},"end":{"line":58,"column":39}},"14":{"start":{"line":59,"column":6},"end":{"line":59,"column":29}},"15":{"start":{"line":67,"column":22},"end":{"line":67,"column":38}},"16":{"start":{"line":69,"column":2},"end":{"line":78,"column":5}},"17":{"start":{"line":71,"column":23},"end":{"line":71,"column":67}},"18":{"start":{"line":72,"column":6},"end":{"line":72,"column":18}},"19":{"start":{"line":75,"column":6},"end":{"line":75,"column":63}},"20":{"start":{"line":76,"column":6},"end":{"line":76,"column":69}},"21":{"start":{"line":82,"column":22},"end":{"line":82,"column":38}},"22":{"start":{"line":83,"column":28},"end":{"line":83,"column":44}},"23":{"start":{"line":85,"column":2},"end":{"line":95,"column":5}},"24":{"start":{"line":87,"column":6},"end":{"line":87,"column":31}},"25":{"start":{"line":88,"column":23},"end":{"line":88,"column":84}},"26":{"start":{"line":89,"column":6},"end":{"line":89,"column":18}},"27":{"start":{"line":92,"column":6},"end":{"line":92,"column":63}},"28":{"start":{"line":93,"column":6},"end":{"line":93,"column":71}},"29":{"start":{"line":99,"column":22},"end":{"line":99,"column":38}},"30":{"start":{"line":100,"column":29},"end":{"line":100,"column":45}},"31":{"start":{"line":102,"column":2},"end":{"line":111,"column":5}},"32":{"start":{"line":104,"column":6},"end":{"line":104,"column":32}},"33":{"start":{"line":105,"column":6},"end":{"line":105,"column":63}},"34":{"start":{"line":106,"column":6},"end":{"line":106,"column":23}},"35":{"start":{"line":109,"column":6},"end":{"line":109,"column":71}},"36":{"start":{"line":115,"column":22},"end":{"line":115,"column":38}},"37":{"start":{"line":116,"column":27},"end":{"line":116,"column":43}},"38":{"start":{"line":118,"column":2},"end":{"line":127,"column":5}},"39":{"start":{"line":120,"column":6},"end":{"line":120,"column":31}},"40":{"start":{"line":121,"column":6},"end":{"line":121,"column":55}},"41":{"start":{"line":122,"column":6},"end":{"line":122,"column":24}},"42":{"start":{"line":125,"column":6},"end":{"line":125,"column":69}},"43":{"start":{"line":131,"column":2},"end":{"line":136,"column":5}},"44":{"start":{"line":133,"column":23},"end":{"line":133,"column":111}},"45":{"start":{"line":134,"column":6},"end":{"line":134,"column":24}}},"fnMap":{"0":{"name":"useFriends","decl":{"start":{"line":23,"column":16},"end":{"line":23,"column":26}},"loc":{"start":{"line":23,"column":29},"end":{"line":35,"column":1}},"line":23},"1":{"name":"(anonymous_1)","decl":{"start":{"line":28,"column":13},"end":{"line":28,"column":14}},"loc":{"start":{"line":28,"column":25},"end":{"line":32,"column":5}},"line":28},"2":{"name":"useFriendRequests","decl":{"start":{"line":37,"column":16},"end":{"line":37,"column":33}},"loc":{"start":{"line":37,"column":36},"end":{"line":49,"column":1}},"line":37},"3":{"name":"(anonymous_3)","decl":{"start":{"line":42,"column":13},"end":{"line":42,"column":14}},"loc":{"start":{"line":42,"column":25},"end":{"line":46,"column":5}},"line":42},"4":{"name":"useActivityFeed","decl":{"start":{"line":51,"column":16},"end":{"line":51,"column":31}},"loc":{"start":{"line":51,"column":34},"end":{"line":64,"column":1}},"line":51},"5":{"name":"(anonymous_5)","decl":{"start":{"line":56,"column":13},"end":{"line":56,"column":14}},"loc":{"start":{"line":56,"column":25},"end":{"line":60,"column":5}},"line":56},"6":{"name":"useAddFriend","decl":{"start":{"line":66,"column":16},"end":{"line":66,"column":28}},"loc":{"start":{"line":66,"column":31},"end":{"line":79,"column":1}},"line":66},"7":{"name":"(anonymous_7)","decl":{"start":{"line":70,"column":16},"end":{"line":70,"column":17}},"loc":{"start":{"line":70,"column":44},"end":{"line":73,"column":5}},"line":70},"8":{"name":"(anonymous_8)","decl":{"start":{"line":74,"column":15},"end":{"line":74,"column":16}},"loc":{"start":{"line":74,"column":21},"end":{"line":77,"column":5}},"line":74},"9":{"name":"useAcceptFriendRequest","decl":{"start":{"line":81,"column":16},"end":{"line":81,"column":38}},"loc":{"start":{"line":81,"column":41},"end":{"line":96,"column":1}},"line":81},"10":{"name":"(anonymous_10)","decl":{"start":{"line":86,"column":16},"end":{"line":86,"column":17}},"loc":{"start":{"line":86,"column":45},"end":{"line":90,"column":5}},"line":86},"11":{"name":"(anonymous_11)","decl":{"start":{"line":91,"column":15},"end":{"line":91,"column":16}},"loc":{"start":{"line":91,"column":21},"end":{"line":94,"column":5}},"line":91},"12":{"name":"useDeclineFriendRequest","decl":{"start":{"line":98,"column":16},"end":{"line":98,"column":39}},"loc":{"start":{"line":98,"column":42},"end":{"line":112,"column":1}},"line":98},"13":{"name":"(anonymous_13)","decl":{"start":{"line":103,"column":16},"end":{"line":103,"column":17}},"loc":{"start":{"line":103,"column":45},"end":{"line":107,"column":5}},"line":103},"14":{"name":"(anonymous_14)","decl":{"start":{"line":108,"column":15},"end":{"line":108,"column":16}},"loc":{"start":{"line":108,"column":21},"end":{"line":110,"column":5}},"line":108},"15":{"name":"useLikeActivity","decl":{"start":{"line":114,"column":16},"end":{"line":114,"column":31}},"loc":{"start":{"line":114,"column":34},"end":{"line":128,"column":1}},"line":114},"16":{"name":"(anonymous_16)","decl":{"start":{"line":119,"column":16},"end":{"line":119,"column":17}},"loc":{"start":{"line":119,"column":46},"end":{"line":123,"column":5}},"line":119},"17":{"name":"(anonymous_17)","decl":{"start":{"line":124,"column":15},"end":{"line":124,"column":16}},"loc":{"start":{"line":124,"column":21},"end":{"line":126,"column":5}},"line":124},"18":{"name":"useSearchUsers","decl":{"start":{"line":130,"column":16},"end":{"line":130,"column":30}},"loc":{"start":{"line":130,"column":33},"end":{"line":137,"column":1}},"line":130},"19":{"name":"(anonymous_19)","decl":{"start":{"line":132,"column":16},"end":{"line":132,"column":17}},"loc":{"start":{"line":132,"column":41},"end":{"line":135,"column":5}},"line":132}},"branchMap":{},"s":{"0":2,"1":2,"2":1,"3":1,"4":1,"5":2,"6":2,"7":1,"8":1,"9":1,"10":2,"11":2,"12":1,"13":1,"14":1,"15":3,"16":3,"17":1,"18":1,"19":1,"20":1,"21":3,"22":3,"23":3,"24":1,"25":1,"26":1,"27":1,"28":1,"29":3,"30":3,"31":3,"32":1,"33":1,"34":1,"35":1,"36":3,"37":3,"38":3,"39":1,"40":1,"41":1,"42":1,"43":6,"44":2,"45":2},"f":{"0":2,"1":1,"2":2,"3":1,"4":2,"5":1,"6":3,"7":1,"8":1,"9":3,"10":1,"11":1,"12":3,"13":1,"14":1,"15":3,"16":1,"17":1,"18":6,"19":2},"b":{},"_coverageSchema":"1a1c01bbd47fc00a2c39e90264f33305004495a9","hash":"67537484fad9ab415a1fffbc976006007b90b219"}
,"/Users/alejandrozdut/Documents/rangexp/apps/mobile/src/hooks/useUser.ts": {"path":"/Users/alejandrozdut/Documents/rangexp/apps/mobile/src/hooks/useUser.ts","statementMap":{"0":{"start":{"line":13,"column":2},"end":{"line":26,"column":4}},"1":{"start":{"line":30,"column":22},"end":{"line":30,"column":36}},"2":{"start":{"line":32,"column":2},"end":{"line":41,"column":5}},"3":{"start":{"line":35,"column":23},"end":{"line":35,"column":68}},"4":{"start":{"line":36,"column":24},"end":{"line":36,"column":56}},"5":{"start":{"line":37,"column":6},"end":{"line":37,"column":25}},"6":{"start":{"line":38,"column":6},"end":{"line":38,"column":23}},"7":{"start":{"line":45,"column":22},"end":{"line":45,"column":38}},"8":{"start":{"line":46,"column":22},"end":{"line":46,"column":36}},"9":{"start":{"line":48,"column":2},"end":{"line":57,"column":5}},"10":{"start":{"line":50,"column":23},"end":{"line":50,"column":85}},"11":{"start":{"line":51,"column":6},"end":{"line":51,"column":46}},"12":{"start":{"line":54,"column":6},"end":{"line":54,"column":25}},"13":{"start":{"line":55,"column":6},"end":{"line":55,"column":52}},"14":{"start":{"line":61,"column":22},"end":{"line":61,"column":38}},"15":{"start":{"line":62,"column":22},"end":{"line":62,"column":36}},"16":{"start":{"line":64,"column":2},"end":{"line":78,"column":5}},"17":{"start":{"line":67,"column":23},"end":{"line":71,"column":8}},"18":{"start":{"line":72,"column":6},"end":{"line":72,"column":46}},"19":{"start":{"line":75,"column":6},"end":{"line":75,"column":25}},"20":{"start":{"line":76,"column":6},"end":{"line":76,"column":52}},"21":{"start":{"line":82,"column":22},"end":{"line":82,"column":38}},"22":{"start":{"line":83,"column":21},"end":{"line":83,"column":35}},"23":{"start":{"line":85,"column":2},"end":{"line":99,"column":5}},"24":{"start":{"line":87,"column":6},"end":{"line":92,"column":7}},"25":{"start":{"line":88,"column":8},"end":{"line":88,"column":45}},"26":{"start":{"line":91,"column":8},"end":{"line":91,"column":71}},"27":{"start":{"line":96,"column":6},"end":{"line":96,"column":15}},"28":{"start":{"line":97,"column":6},"end":{"line":97,"column":26}},"29":{"start":{"line":103,"column":22},"end":{"line":103,"column":38}},"30":{"start":{"line":104,"column":25},"end":{"line":104,"column":39}},"31":{"start":{"line":106,"column":2},"end":{"line":115,"column":5}},"32":{"start":{"line":108,"column":23},"end":{"line":108,"column":82}},"33":{"start":{"line":109,"column":6},"end":{"line":109,"column":46}},"34":{"start":{"line":112,"column":6},"end":{"line":112,"column":28}},"35":{"start":{"line":113,"column":6},"end":{"line":113,"column":52}}},"fnMap":{"0":{"name":"mapApiUserToStoreUser","decl":{"start":{"line":12,"column":9},"end":{"line":12,"column":30}},"loc":{"start":{"line":12,"column":60},"end":{"line":27,"column":1}},"line":12},"1":{"name":"useUser","decl":{"start":{"line":29,"column":16},"end":{"line":29,"column":23}},"loc":{"start":{"line":29,"column":26},"end":{"line":42,"column":1}},"line":29},"2":{"name":"(anonymous_2)","decl":{"start":{"line":34,"column":13},"end":{"line":34,"column":14}},"loc":{"start":{"line":34,"column":25},"end":{"line":39,"column":5}},"line":34},"3":{"name":"useLogin","decl":{"start":{"line":44,"column":16},"end":{"line":44,"column":24}},"loc":{"start":{"line":44,"column":27},"end":{"line":58,"column":1}},"line":44},"4":{"name":"(anonymous_4)","decl":{"start":{"line":49,"column":16},"end":{"line":49,"column":17}},"loc":{"start":{"line":49,"column":76},"end":{"line":52,"column":5}},"line":49},"5":{"name":"(anonymous_5)","decl":{"start":{"line":53,"column":15},"end":{"line":53,"column":16}},"loc":{"start":{"line":53,"column":30},"end":{"line":56,"column":5}},"line":53},"6":{"name":"useRegister","decl":{"start":{"line":60,"column":16},"end":{"line":60,"column":27}},"loc":{"start":{"line":60,"column":30},"end":{"line":79,"column":1}},"line":60},"7":{"name":"(anonymous_7)","decl":{"start":{"line":65,"column":16},"end":{"line":65,"column":17}},"loc":{"start":{"line":65,"column":87},"end":{"line":73,"column":5}},"line":65},"8":{"name":"(anonymous_8)","decl":{"start":{"line":74,"column":15},"end":{"line":74,"column":16}},"loc":{"start":{"line":74,"column":30},"end":{"line":77,"column":5}},"line":74},"9":{"name":"useLogout","decl":{"start":{"line":81,"column":16},"end":{"line":81,"column":25}},"loc":{"start":{"line":81,"column":28},"end":{"line":100,"column":1}},"line":81},"10":{"name":"(anonymous_10)","decl":{"start":{"line":86,"column":16},"end":{"line":86,"column":17}},"loc":{"start":{"line":86,"column":28},"end":{"line":93,"column":5}},"line":86},"11":{"name":"(anonymous_11)","decl":{"start":{"line":94,"column":15},"end":{"line":94,"column":16}},"loc":{"start":{"line":94,"column":21},"end":{"line":98,"column":5}},"line":94},"12":{"name":"useUpdateProfile","decl":{"start":{"line":102,"column":16},"end":{"line":102,"column":32}},"loc":{"start":{"line":102,"column":35},"end":{"line":116,"column":1}},"line":102},"13":{"name":"(anonymous_13)","decl":{"start":{"line":107,"column":16},"end":{"line":107,"column":17}},"loc":{"start":{"line":107,"column":114},"end":{"line":110,"column":5}},"line":107},"14":{"name":"(anonymous_14)","decl":{"start":{"line":111,"column":15},"end":{"line":111,"column":16}},"loc":{"start":{"line":111,"column":30},"end":{"line":114,"column":5}},"line":111}},"branchMap":{"0":{"loc":{"start":{"line":16,"column":10},"end":{"line":16,"column":90}},"type":"binary-expr","locations":[{"start":{"line":16,"column":10},"end":{"line":16,"column":73}},{"start":{"line":16,"column":77},"end":{"line":16,"column":90}}],"line":16},"1":{"loc":{"start":{"line":17,"column":12},"end":{"line":17,"column":42}},"type":"binary-expr","locations":[{"start":{"line":17,"column":12},"end":{"line":17,"column":29}},{"start":{"line":17,"column":33},"end":{"line":17,"column":42}}],"line":17}},"s":{"0":5,"1":6,"2":6,"3":3,"4":2,"5":2,"6":2,"7":6,"8":6,"9":6,"10":2,"11":1,"12":1,"13":1,"14":6,"15":6,"16":6,"17":2,"18":1,"19":1,"20":1,"21":6,"22":6,"23":6,"24":2,"25":2,"26":1,"27":2,"28":2,"29":3,"30":3,"31":3,"32":1,"33":1,"34":1,"35":1},"f":{"0":5,"1":6,"2":3,"3":6,"4":2,"5":1,"6":6,"7":2,"8":1,"9":6,"10":2,"11":2,"12":3,"13":1,"14":1},"b":{"0":[5,0],"1":[5,0]},"_coverageSchema":"1a1c01bbd47fc00a2c39e90264f33305004495a9","hash":"265dd12e28edd2c6f44d73283220448b808850e3"}
,"/Users/alejandrozdut/Documents/rangexp/apps/mobile/src/store/glucoseStore.ts": {"path":"/Users/alejandrozdut/Documents/rangexp/apps/mobile/src/store/glucoseStore.ts","statementMap":{"0":{"start":{"line":29,"column":24},"end":{"line":35,"column":1}},"1":{"start":{"line":30,"column":15},"end":{"line":30,"column":58}},"2":{"start":{"line":32,"column":2},"end":{"line":32,"column":30}},"3":{"start":{"line":32,"column":17},"end":{"line":32,"column":30}},"4":{"start":{"line":33,"column":2},"end":{"line":33,"column":32}},"5":{"start":{"line":33,"column":18},"end":{"line":33,"column":32}},"6":{"start":{"line":34,"column":2},"end":{"line":34,"column":18}},"7":{"start":{"line":37,"column":23},"end":{"line":66,"column":1}},"8":{"start":{"line":38,"column":2},"end":{"line":47,"column":3}},"9":{"start":{"line":39,"column":4},"end":{"line":46,"column":6}},"10":{"start":{"line":49,"column":16},"end":{"line":49,"column":61}},"11":{"start":{"line":49,"column":44},"end":{"line":49,"column":57}},"12":{"start":{"line":50,"column":18},"end":{"line":50,"column":41}},"13":{"start":{"line":52,"column":19},"end":{"line":52,"column":66}},"14":{"start":{"line":52,"column":40},"end":{"line":52,"column":58}},"15":{"start":{"line":53,"column":22},"end":{"line":53,"column":72}},"16":{"start":{"line":53,"column":43},"end":{"line":53,"column":64}},"17":{"start":{"line":54,"column":20},"end":{"line":54,"column":68}},"18":{"start":{"line":54,"column":41},"end":{"line":54,"column":60}},"19":{"start":{"line":56,"column":22},"end":{"line":56,"column":59}},"20":{"start":{"line":58,"column":2},"end":{"line":65,"column":4}},"21":{"start":{"line":68,"column":31},"end":{"line":156,"column":1}},"22":{"start":{"line":83,"column":19},"end":{"line":147,"column":5}},"23":{"start":{"line":89,"column":43},"end":{"line":94,"column":9}},"24":{"start":{"line":96,"column":8},"end":{"line":99,"column":12}},"25":{"start":{"line":96,"column":24},"end":{"line":99,"column":9}},"26":{"start":{"line":101,"column":8},"end":{"line":101,"column":31}},"27":{"start":{"line":105,"column":8},"end":{"line":109,"column":12}},"28":{"start":{"line":105,"column":24},"end":{"line":109,"column":9}},"29":{"start":{"line":107,"column":12},"end":{"line":107,"column":109}},"30":{"start":{"line":110,"column":8},"end":{"line":110,"column":31}},"31":{"start":{"line":114,"column":8},"end":{"line":116,"column":12}},"32":{"start":{"line":114,"column":24},"end":{"line":116,"column":9}},"33":{"start":{"line":115,"column":49},"end":{"line":115,"column":60}},"34":{"start":{"line":117,"column":8},"end":{"line":117,"column":31}},"35":{"start":{"line":121,"column":8},"end":{"line":121,"column":26}},"36":{"start":{"line":122,"column":8},"end":{"line":122,"column":31}},"37":{"start":{"line":126,"column":8},"end":{"line":131,"column":12}},"38":{"start":{"line":126,"column":24},"end":{"line":131,"column":9}},"39":{"start":{"line":128,"column":12},"end":{"line":128,"column":85}},"40":{"start":{"line":128,"column":42},"end":{"line":128,"column":55}},"41":{"start":{"line":135,"column":22},"end":{"line":135,"column":52}},"42":{"start":{"line":136,"column":8},"end":{"line":136,"column":23}},"43":{"start":{"line":140,"column":22},"end":{"line":140,"column":47}},"44":{"start":{"line":141,"column":8},"end":{"line":141,"column":92}},"45":{"start":{"line":141,"column":44},"end":{"line":141,"column":90}},"46":{"start":{"line":145,"column":8},"end":{"line":145,"column":46}},"47":{"start":{"line":150,"column":39},"end":{"line":150,"column":51}},"48":{"start":{"line":151,"column":30},"end":{"line":153,"column":7}}},"fnMap":{"0":{"name":"(anonymous_0)","decl":{"start":{"line":29,"column":24},"end":{"line":29,"column":25}},"loc":{"start":{"line":29,"column":84},"end":{"line":35,"column":1}},"line":29},"1":{"name":"(anonymous_1)","decl":{"start":{"line":37,"column":23},"end":{"line":37,"column":24}},"loc":{"start":{"line":37,"column":69},"end":{"line":66,"column":1}},"line":37},"2":{"name":"(anonymous_2)","decl":{"start":{"line":49,"column":32},"end":{"line":49,"column":33}},"loc":{"start":{"line":49,"column":44},"end":{"line":49,"column":57}},"line":49},"3":{"name":"(anonymous_3)","decl":{"start":{"line":52,"column":35},"end":{"line":52,"column":36}},"loc":{"start":{"line":52,"column":40},"end":{"line":52,"column":58}},"line":52},"4":{"name":"(anonymous_4)","decl":{"start":{"line":53,"column":38},"end":{"line":53,"column":39}},"loc":{"start":{"line":53,"column":43},"end":{"line":53,"column":64}},"line":53},"5":{"name":"(anonymous_5)","decl":{"start":{"line":54,"column":36},"end":{"line":54,"column":37}},"loc":{"start":{"line":54,"column":41},"end":{"line":54,"column":60}},"line":54},"6":{"name":"(anonymous_6)","decl":{"start":{"line":83,"column":4},"end":{"line":83,"column":5}},"loc":{"start":{"line":83,"column":19},"end":{"line":147,"column":5}},"line":83},"7":{"name":"(anonymous_7)","decl":{"start":{"line":88,"column":18},"end":{"line":88,"column":19}},"loc":{"start":{"line":88,"column":35},"end":{"line":102,"column":7}},"line":88},"8":{"name":"(anonymous_8)","decl":{"start":{"line":96,"column":12},"end":{"line":96,"column":13}},"loc":{"start":{"line":96,"column":24},"end":{"line":99,"column":9}},"line":96},"9":{"name":"(anonymous_9)","decl":{"start":{"line":104,"column":21},"end":{"line":104,"column":22}},"loc":{"start":{"line":104,"column":38},"end":{"line":111,"column":7}},"line":104},"10":{"name":"(anonymous_10)","decl":{"start":{"line":105,"column":12},"end":{"line":105,"column":13}},"loc":{"start":{"line":105,"column":24},"end":{"line":109,"column":9}},"line":105},"11":{"name":"(anonymous_11)","decl":{"start":{"line":106,"column":39},"end":{"line":106,"column":40}},"loc":{"start":{"line":107,"column":12},"end":{"line":107,"column":109}},"line":107},"12":{"name":"(anonymous_12)","decl":{"start":{"line":113,"column":21},"end":{"line":113,"column":22}},"loc":{"start":{"line":113,"column":29},"end":{"line":118,"column":7}},"line":113},"13":{"name":"(anonymous_13)","decl":{"start":{"line":114,"column":12},"end":{"line":114,"column":13}},"loc":{"start":{"line":114,"column":24},"end":{"line":116,"column":9}},"line":114},"14":{"name":"(anonymous_14)","decl":{"start":{"line":115,"column":42},"end":{"line":115,"column":43}},"loc":{"start":{"line":115,"column":49},"end":{"line":115,"column":60}},"line":115},"15":{"name":"(anonymous_15)","decl":{"start":{"line":120,"column":19},"end":{"line":120,"column":20}},"loc":{"start":{"line":120,"column":33},"end":{"line":123,"column":7}},"line":120},"16":{"name":"(anonymous_16)","decl":{"start":{"line":125,"column":27},"end":{"line":125,"column":28}},"loc":{"start":{"line":125,"column":33},"end":{"line":132,"column":7}},"line":125},"17":{"name":"(anonymous_17)","decl":{"start":{"line":126,"column":12},"end":{"line":126,"column":13}},"loc":{"start":{"line":126,"column":24},"end":{"line":131,"column":9}},"line":126},"18":{"name":"(anonymous_18)","decl":{"start":{"line":127,"column":39},"end":{"line":127,"column":40}},"loc":{"start":{"line":128,"column":12},"end":{"line":128,"column":85}},"line":128},"19":{"name":"(anonymous_19)","decl":{"start":{"line":128,"column":35},"end":{"line":128,"column":36}},"loc":{"start":{"line":128,"column":42},"end":{"line":128,"column":55}},"line":128},"20":{"name":"(anonymous_20)","decl":{"start":{"line":134,"column":22},"end":{"line":134,"column":23}},"loc":{"start":{"line":134,"column":28},"end":{"line":137,"column":7}},"line":134},"21":{"name":"(anonymous_21)","decl":{"start":{"line":139,"column":24},"end":{"line":139,"column":25}},"loc":{"start":{"line":139,"column":30},"end":{"line":142,"column":7}},"line":139},"22":{"name":"(anonymous_22)","decl":{"start":{"line":141,"column":37},"end":{"line":141,"column":38}},"loc":{"start":{"line":141,"column":44},"end":{"line":141,"column":90}},"line":141},"23":{"name":"(anonymous_23)","decl":{"start":{"line":144,"column":25},"end":{"line":144,"column":26}},"loc":{"start":{"line":144,"column":40},"end":{"line":146,"column":7}},"line":144},"24":{"name":"(anonymous_24)","decl":{"start":{"line":150,"column":33},"end":{"line":150,"column":34}},"loc":{"start":{"line":150,"column":39},"end":{"line":150,"column":51}},"line":150},"25":{"name":"(anonymous_25)","decl":{"start":{"line":151,"column":18},"end":{"line":151,"column":19}},"loc":{"start":{"line":151,"column":30},"end":{"line":153,"column":7}},"line":151}},"branchMap":{"0":{"loc":{"start":{"line":30,"column":15},"end":{"line":30,"column":58}},"type":"cond-expr","locations":[{"start":{"line":30,"column":35},"end":{"line":30,"column":50}},{"start":{"line":30,"column":53},"end":{"line":30,"column":58}}],"line":30},"1":{"loc":{"start":{"line":32,"column":2},"end":{"line":32,"column":30}},"type":"if","locations":[{"start":{"line":32,"column":2},"end":{"line":32,"column":30}},{"start":{},"end":{}}],"line":32},"2":{"loc":{"start":{"line":33,"column":2},"end":{"line":33,"column":32}},"type":"if","locations":[{"start":{"line":33,"column":2},"end":{"line":33,"column":32}},{"start":{},"end":{}}],"line":33},"3":{"loc":{"start":{"line":38,"column":2},"end":{"line":47,"column":3}},"type":"if","locations":[{"start":{"line":38,"column":2},"end":{"line":47,"column":3}},{"start":{},"end":{}}],"line":38},"4":{"loc":{"start":{"line":107,"column":12},"end":{"line":107,"column":109}},"type":"cond-expr","locations":[{"start":{"line":107,"column":26},"end":{"line":107,"column":105}},{"start":{"line":107,"column":108},"end":{"line":107,"column":109}}],"line":107},"5":{"loc":{"start":{"line":107,"column":70},"end":{"line":107,"column":94}},"type":"binary-expr","locations":[{"start":{"line":107,"column":70},"end":{"line":107,"column":83}},{"start":{"line":107,"column":87},"end":{"line":107,"column":94}}],"line":107},"6":{"loc":{"start":{"line":128,"column":12},"end":{"line":128,"column":85}},"type":"cond-expr","locations":[{"start":{"line":128,"column":59},"end":{"line":128,"column":81}},{"start":{"line":128,"column":84},"end":{"line":128,"column":85}}],"line":128},"7":{"loc":{"start":{"line":144,"column":26},"end":{"line":144,"column":35}},"type":"default-arg","locations":[{"start":{"line":144,"column":34},"end":{"line":144,"column":35}}],"line":144}},"s":{"0":1,"1":55,"2":55,"3":3,"4":52,"5":4,"6":48,"7":1,"8":60,"9":2,"10":58,"11":170,"12":58,"13":58,"14":170,"15":58,"16":170,"17":58,"18":170,"19":58,"20":58,"21":1,"22":1,"23":52,"24":52,"25":52,"26":52,"27":3,"28":3,"29":4,"30":3,"31":2,"32":2,"33":3,"34":2,"35":2,"36":2,"37":1,"38":1,"39":1,"40":1,"41":60,"42":60,"43":1,"44":1,"45":2,"46":3,"47":1,"48":147},"f":{"0":55,"1":60,"2":170,"3":170,"4":170,"5":170,"6":1,"7":52,"8":52,"9":3,"10":3,"11":4,"12":2,"13":2,"14":3,"15":2,"16":1,"17":1,"18":1,"19":1,"20":60,"21":1,"22":2,"23":3,"24":1,"25":147},"b":{"0":[0,55],"1":[3,52],"2":[4,48],"3":[2,58],"4":[3,1],"5":[3,0],"6":[1,0],"7":[1]},"_coverageSchema":"1a1c01bbd47fc00a2c39e90264f33305004495a9","hash":"884ca724020f74fde420d1ff657d7e41726428e1"}
,"/Users/alejandrozdut/Documents/rangexp/apps/mobile/src/store/socialStore.ts": {"path":"/Users/alejandrozdut/Documents/rangexp/apps/mobile/src/store/socialStore.ts","statementMap":{"0":{"start":{"line":55,"column":30},"end":{"line":108,"column":1}},"1":{"start":{"line":57,"column":19},"end":{"line":98,"column":5}},"2":{"start":{"line":63,"column":31},"end":{"line":63,"column":76}},"3":{"start":{"line":65,"column":29},"end":{"line":68,"column":9}},"4":{"start":{"line":65,"column":45},"end":{"line":68,"column":7}},"5":{"start":{"line":70,"column":34},"end":{"line":73,"column":9}},"6":{"start":{"line":70,"column":50},"end":{"line":73,"column":7}},"7":{"start":{"line":71,"column":45},"end":{"line":71,"column":62}},"8":{"start":{"line":75,"column":40},"end":{"line":75,"column":74}},"9":{"start":{"line":77,"column":36},"end":{"line":79,"column":9}},"10":{"start":{"line":77,"column":52},"end":{"line":79,"column":7}},"11":{"start":{"line":78,"column":61},"end":{"line":78,"column":79}},"12":{"start":{"line":81,"column":37},"end":{"line":83,"column":9}},"13":{"start":{"line":81,"column":53},"end":{"line":83,"column":7}},"14":{"start":{"line":82,"column":61},"end":{"line":82,"column":79}},"15":{"start":{"line":85,"column":33},"end":{"line":85,"column":60}},"16":{"start":{"line":87,"column":33},"end":{"line":89,"column":9}},"17":{"start":{"line":87,"column":49},"end":{"line":89,"column":7}},"18":{"start":{"line":91,"column":33},"end":{"line":91,"column":60}},"19":{"start":{"line":93,"column":36},"end":{"line":97,"column":9}},"20":{"start":{"line":93,"column":52},"end":{"line":97,"column":7}},"21":{"start":{"line":95,"column":10},"end":{"line":95,"column":76}},"22":{"start":{"line":101,"column":39},"end":{"line":101,"column":51}},"23":{"start":{"line":102,"column":30},"end":{"line":105,"column":7}}},"fnMap":{"0":{"name":"(anonymous_0)","decl":{"start":{"line":57,"column":4},"end":{"line":57,"column":5}},"loc":{"start":{"line":57,"column":19},"end":{"line":98,"column":5}},"line":57},"1":{"name":"(anonymous_1)","decl":{"start":{"line":63,"column":18},"end":{"line":63,"column":19}},"loc":{"start":{"line":63,"column":31},"end":{"line":63,"column":76}},"line":63},"2":{"name":"(anonymous_2)","decl":{"start":{"line":65,"column":17},"end":{"line":65,"column":18}},"loc":{"start":{"line":65,"column":29},"end":{"line":68,"column":9}},"line":65},"3":{"name":"(anonymous_3)","decl":{"start":{"line":65,"column":33},"end":{"line":65,"column":34}},"loc":{"start":{"line":65,"column":45},"end":{"line":68,"column":7}},"line":65},"4":{"name":"(anonymous_4)","decl":{"start":{"line":70,"column":20},"end":{"line":70,"column":21}},"loc":{"start":{"line":70,"column":34},"end":{"line":73,"column":9}},"line":70},"5":{"name":"(anonymous_5)","decl":{"start":{"line":70,"column":38},"end":{"line":70,"column":39}},"loc":{"start":{"line":70,"column":50},"end":{"line":73,"column":7}},"line":70},"6":{"name":"(anonymous_6)","decl":{"start":{"line":71,"column":38},"end":{"line":71,"column":39}},"loc":{"start":{"line":71,"column":45},"end":{"line":71,"column":62}},"line":71},"7":{"name":"(anonymous_7)","decl":{"start":{"line":75,"column":26},"end":{"line":75,"column":27}},"loc":{"start":{"line":75,"column":40},"end":{"line":75,"column":74}},"line":75},"8":{"name":"(anonymous_8)","decl":{"start":{"line":77,"column":21},"end":{"line":77,"column":22}},"loc":{"start":{"line":77,"column":36},"end":{"line":79,"column":9}},"line":77},"9":{"name":"(anonymous_9)","decl":{"start":{"line":77,"column":40},"end":{"line":77,"column":41}},"loc":{"start":{"line":77,"column":52},"end":{"line":79,"column":7}},"line":77},"10":{"name":"(anonymous_10)","decl":{"start":{"line":78,"column":54},"end":{"line":78,"column":55}},"loc":{"start":{"line":78,"column":61},"end":{"line":78,"column":79}},"line":78},"11":{"name":"(anonymous_11)","decl":{"start":{"line":81,"column":22},"end":{"line":81,"column":23}},"loc":{"start":{"line":81,"column":37},"end":{"line":83,"column":9}},"line":81},"12":{"name":"(anonymous_12)","decl":{"start":{"line":81,"column":41},"end":{"line":81,"column":42}},"loc":{"start":{"line":81,"column":53},"end":{"line":83,"column":7}},"line":81},"13":{"name":"(anonymous_13)","decl":{"start":{"line":82,"column":54},"end":{"line":82,"column":55}},"loc":{"start":{"line":82,"column":61},"end":{"line":82,"column":79}},"line":82},"14":{"name":"(anonymous_14)","decl":{"start":{"line":85,"column":23},"end":{"line":85,"column":24}},"loc":{"start":{"line":85,"column":33},"end":{"line":85,"column":60}},"line":85},"15":{"name":"(anonymous_15)","decl":{"start":{"line":87,"column":23},"end":{"line":87,"column":24}},"loc":{"start":{"line":87,"column":33},"end":{"line":89,"column":9}},"line":87},"16":{"name":"(anonymous_16)","decl":{"start":{"line":87,"column":37},"end":{"line":87,"column":38}},"loc":{"start":{"line":87,"column":49},"end":{"line":89,"column":7}},"line":87},"17":{"name":"(anonymous_17)","decl":{"start":{"line":91,"column":22},"end":{"line":91,"column":23}},"loc":{"start":{"line":91,"column":33},"end":{"line":91,"column":60}},"line":91},"18":{"name":"(anonymous_18)","decl":{"start":{"line":93,"column":20},"end":{"line":93,"column":21}},"loc":{"start":{"line":93,"column":36},"end":{"line":97,"column":9}},"line":93},"19":{"name":"(anonymous_19)","decl":{"start":{"line":93,"column":40},"end":{"line":93,"column":41}},"loc":{"start":{"line":93,"column":52},"end":{"line":97,"column":7}},"line":93},"20":{"name":"(anonymous_20)","decl":{"start":{"line":94,"column":45},"end":{"line":94,"column":46}},"loc":{"start":{"line":95,"column":10},"end":{"line":95,"column":76}},"line":95},"21":{"name":"(anonymous_21)","decl":{"start":{"line":101,"column":33},"end":{"line":101,"column":34}},"loc":{"start":{"line":101,"column":39},"end":{"line":101,"column":51}},"line":101},"22":{"name":"(anonymous_22)","decl":{"start":{"line":102,"column":18},"end":{"line":102,"column":19}},"loc":{"start":{"line":102,"column":30},"end":{"line":105,"column":7}},"line":102}},"branchMap":{"0":{"loc":{"start":{"line":95,"column":10},"end":{"line":95,"column":76}},"type":"cond-expr","locations":[{"start":{"line":95,"column":35},"end":{"line":95,"column":69}},{"start":{"line":95,"column":72},"end":{"line":95,"column":76}}],"line":95}},"s":{"0":1,"1":1,"2":4,"3":9,"4":9,"5":4,"6":4,"7":5,"8":4,"9":2,"10":2,"11":3,"12":1,"13":1,"14":1,"15":5,"16":1,"17":1,"18":1,"19":3,"20":3,"21":4,"22":1,"23":58},"f":{"0":1,"1":4,"2":9,"3":9,"4":4,"5":4,"6":5,"7":4,"8":2,"9":2,"10":3,"11":1,"12":1,"13":1,"14":5,"15":1,"16":1,"17":1,"18":3,"19":3,"20":4,"21":1,"22":58},"b":{"0":[2,2]},"_coverageSchema":"1a1c01bbd47fc00a2c39e90264f33305004495a9","hash":"1d635e641f17ce2f5d284b9e669a4a142ff2e464"}
,"/Users/alejandrozdut/Documents/rangexp/apps/mobile/src/store/userStore.ts": {"path":"/Users/alejandrozdut/Documents/rangexp/apps/mobile/src/store/userStore.ts","statementMap":{"0":{"start":{"line":42,"column":28},"end":{"line":107,"column":1}},"1":{"start":{"line":44,"column":19},"end":{"line":97,"column":5}},"2":{"start":{"line":51,"column":25},"end":{"line":55,"column":8}},"3":{"start":{"line":57,"column":31},"end":{"line":59,"column":9}},"4":{"start":{"line":57,"column":47},"end":{"line":59,"column":7}},"5":{"start":{"line":61,"column":25},"end":{"line":74,"column":8}},"6":{"start":{"line":62,"column":8},"end":{"line":62,"column":38}},"7":{"start":{"line":62,"column":25},"end":{"line":62,"column":38}},"8":{"start":{"line":64,"column":22},"end":{"line":64,"column":44}},"9":{"start":{"line":65,"column":25},"end":{"line":65,"column":52}},"10":{"start":{"line":67,"column":8},"end":{"line":73,"column":10}},"11":{"start":{"line":76,"column":30},"end":{"line":78,"column":9}},"12":{"start":{"line":76,"column":46},"end":{"line":78,"column":7}},"13":{"start":{"line":80,"column":40},"end":{"line":80,"column":74}},"14":{"start":{"line":82,"column":40},"end":{"line":82,"column":74}},"15":{"start":{"line":84,"column":33},"end":{"line":84,"column":60}},"16":{"start":{"line":86,"column":33},"end":{"line":88,"column":9}},"17":{"start":{"line":86,"column":49},"end":{"line":88,"column":7}},"18":{"start":{"line":90,"column":20},"end":{"line":96,"column":8}},"19":{"start":{"line":100,"column":39},"end":{"line":100,"column":51}},"20":{"start":{"line":101,"column":30},"end":{"line":104,"column":7}}},"fnMap":{"0":{"name":"(anonymous_0)","decl":{"start":{"line":44,"column":4},"end":{"line":44,"column":5}},"loc":{"start":{"line":44,"column":19},"end":{"line":97,"column":5}},"line":44},"1":{"name":"(anonymous_1)","decl":{"start":{"line":51,"column":15},"end":{"line":51,"column":16}},"loc":{"start":{"line":51,"column":25},"end":{"line":55,"column":8}},"line":51},"2":{"name":"(anonymous_2)","decl":{"start":{"line":57,"column":18},"end":{"line":57,"column":19}},"loc":{"start":{"line":57,"column":31},"end":{"line":59,"column":9}},"line":57},"3":{"name":"(anonymous_3)","decl":{"start":{"line":57,"column":35},"end":{"line":57,"column":36}},"loc":{"start":{"line":57,"column":47},"end":{"line":59,"column":7}},"line":57},"4":{"name":"(anonymous_4)","decl":{"start":{"line":61,"column":13},"end":{"line":61,"column":14}},"loc":{"start":{"line":61,"column":25},"end":{"line":74,"column":8}},"line":61},"5":{"name":"(anonymous_5)","decl":{"start":{"line":61,"column":29},"end":{"line":61,"column":30}},"loc":{"start":{"line":61,"column":40},"end":{"line":74,"column":7}},"line":61},"6":{"name":"(anonymous_6)","decl":{"start":{"line":76,"column":20},"end":{"line":76,"column":21}},"loc":{"start":{"line":76,"column":30},"end":{"line":78,"column":9}},"line":76},"7":{"name":"(anonymous_7)","decl":{"start":{"line":76,"column":34},"end":{"line":76,"column":35}},"loc":{"start":{"line":76,"column":46},"end":{"line":78,"column":7}},"line":76},"8":{"name":"(anonymous_8)","decl":{"start":{"line":80,"column":29},"end":{"line":80,"column":30}},"loc":{"start":{"line":80,"column":40},"end":{"line":80,"column":74}},"line":80},"9":{"name":"(anonymous_9)","decl":{"start":{"line":82,"column":29},"end":{"line":82,"column":30}},"loc":{"start":{"line":82,"column":40},"end":{"line":82,"column":74}},"line":82},"10":{"name":"(anonymous_10)","decl":{"start":{"line":84,"column":22},"end":{"line":84,"column":23}},"loc":{"start":{"line":84,"column":33},"end":{"line":84,"column":60}},"line":84},"11":{"name":"(anonymous_11)","decl":{"start":{"line":86,"column":18},"end":{"line":86,"column":19}},"loc":{"start":{"line":86,"column":33},"end":{"line":88,"column":9}},"line":86},"12":{"name":"(anonymous_12)","decl":{"start":{"line":86,"column":37},"end":{"line":86,"column":38}},"loc":{"start":{"line":86,"column":49},"end":{"line":88,"column":7}},"line":86},"13":{"name":"(anonymous_13)","decl":{"start":{"line":90,"column":14},"end":{"line":90,"column":15}},"loc":{"start":{"line":90,"column":20},"end":{"line":96,"column":8}},"line":90},"14":{"name":"(anonymous_14)","decl":{"start":{"line":100,"column":33},"end":{"line":100,"column":34}},"loc":{"start":{"line":100,"column":39},"end":{"line":100,"column":51}},"line":100},"15":{"name":"(anonymous_15)","decl":{"start":{"line":101,"column":18},"end":{"line":101,"column":19}},"loc":{"start":{"line":101,"column":30},"end":{"line":104,"column":7}},"line":101}},"branchMap":{"0":{"loc":{"start":{"line":54,"column":21},"end":{"line":54,"column":44}},"type":"binary-expr","locations":[{"start":{"line":54,"column":21},"end":{"line":54,"column":39}},{"start":{"line":54,"column":43},"end":{"line":54,"column":44}}],"line":54},"1":{"loc":{"start":{"line":58,"column":14},"end":{"line":58,"column":63}},"type":"cond-expr","locations":[{"start":{"line":58,"column":27},"end":{"line":58,"column":56}},{"start":{"line":58,"column":59},"end":{"line":58,"column":63}}],"line":58},"2":{"loc":{"start":{"line":62,"column":8},"end":{"line":62,"column":38}},"type":"if","locations":[{"start":{"line":62,"column":8},"end":{"line":62,"column":38}},{"start":{},"end":{}}],"line":62},"3":{"loc":{"start":{"line":77,"column":14},"end":{"line":77,"column":65}},"type":"cond-expr","locations":[{"start":{"line":77,"column":27},"end":{"line":77,"column":58}},{"start":{"line":77,"column":61},"end":{"line":77,"column":65}}],"line":77},"4":{"loc":{"start":{"line":87,"column":14},"end":{"line":87,"column":62}},"type":"cond-expr","locations":[{"start":{"line":87,"column":27},"end":{"line":87,"column":55}},{"start":{"line":87,"column":58},"end":{"line":87,"column":62}}],"line":87}},"s":{"0":1,"1":1,"2":15,"3":3,"4":3,"5":7,"6":7,"7":1,"8":6,"9":6,"10":6,"11":2,"12":2,"13":2,"14":2,"15":2,"16":3,"17":3,"18":27,"19":1,"20":63},"f":{"0":1,"1":15,"2":3,"3":3,"4":7,"5":7,"6":2,"7":2,"8":2,"9":2,"10":2,"11":3,"12":3,"13":27,"14":1,"15":63},"b":{"0":[15,2],"1":[2,1],"2":[1,6],"3":[1,1],"4":[2,1]},"_coverageSchema":"1a1c01bbd47fc00a2c39e90264f33305004495a9","hash":"36df263ffe7a367c67dfb0d2fbf7ba4482cc2e59"}
}
