TN:
SF:src/components/AchievementBadge.tsx
FN:34,AchievementBadge
FN:55,(anonymous_1)
FNF:2
FNH:2
FNDA:20,AchievementBadge
FNDA:20,(anonymous_1)
DA:20,1
DA:27,1
DA:46,20
DA:47,20
DA:48,20
DA:51,20
DA:52,20
DA:53,20
DA:55,20
DA:56,20
DA:57,1
DA:72,1
DA:89,20
DA:94,20
DA:187,1
LF:15
LH:15
BRDA:41,0,0,17
BRDA:43,1,0,18
BRDA:46,2,0,1
BRDA:46,2,1,19
BRDA:46,3,0,18
BRDA:46,3,1,1
BRDA:48,4,0,15
BRDA:48,4,1,5
BRDA:56,5,0,1
BRDA:56,5,1,19
BRDA:56,6,0,20
BRDA:56,6,1,1
BRDA:99,7,0,15
BRDA:99,7,1,5
BRDA:108,8,0,15
BRDA:108,8,1,5
BRDA:109,9,0,15
BRDA:109,9,1,5
BRDA:118,10,0,15
BRDA:118,10,1,5
BRDA:122,11,0,20
BRDA:122,11,1,15
BRDA:135,12,0,20
BRDA:135,12,1,5
BRDA:135,12,2,1
BRDA:156,13,0,15
BRDA:156,13,1,5
BRDA:167,14,0,15
BRDA:167,14,1,5
BRDA:178,15,0,20
BRDA:178,15,1,2
BRDA:178,15,2,1
BRF:32
BRH:32
end_of_record
TN:
SF:src/components/ActivityFeedItem.tsx
FN:50,ActivityFeedItem
FNF:1
FNH:1
FNDA:23,ActivityFeedItem
DA:22,1
DA:64,23
DA:66,23
DA:126,1
LF:4
LH:4
BRDA:57,0,0,21
BRDA:58,1,0,21
BRDA:74,2,0,1
BRDA:74,2,1,22
BRDA:100,3,0,23
BRDA:100,3,1,1
BRDA:111,4,0,23
BRDA:111,4,1,1
BRF:8
BRH:8
end_of_record
TN:
SF:src/components/GlucoseCard.tsx
FN:47,GlucoseCard
FNF:1
FNH:1
FNDA:18,GlucoseCard
DA:20,1
DA:41,1
DA:58,18
DA:60,18
DA:106,1
LF:5
LH:5
BRDA:49,0,0,17
BRDA:55,1,0,17
BRDA:71,2,0,18
BRDA:71,2,1,1
BRDA:89,3,0,18
BRDA:89,3,1,3
BRDA:97,4,0,18
BRDA:97,4,1,1
BRF:8
BRH:8
end_of_record
TN:
SF:src/components/Rex.tsx
FN:35,Rex
FN:56,(anonymous_1)
FN:71,(anonymous_2)
FN:81,(anonymous_3)
FN:93,(anonymous_4)
FN:102,(anonymous_5)
FN:108,(anonymous_6)
FNF:7
FNH:6
FNDA:23,Rex
FNDA:23,(anonymous_1)
FNDA:1,(anonymous_2)
FNDA:21,(anonymous_3)
FNDA:22,(anonymous_4)
FNDA:3,(anonymous_5)
FNDA:0,(anonymous_6)
DA:20,1
DA:28,1
DA:45,23
DA:47,23
DA:48,23
DA:50,23
DA:51,23
DA:52,23
DA:53,23
DA:56,23
DA:57,23
DA:58,1
DA:60,1
DA:72,1
DA:73,1
DA:74,1
DA:75,1
DA:81,23
DA:82,21
DA:83,1
DA:93,23
DA:94,22
DA:95,3
DA:101,3
DA:102,3
DA:104,19
DA:108,23
DA:109,0
DA:110,0
DA:114,0
DA:117,23
DA:118,23
DA:120,23
DA:171,1
LF:34
LH:31
BRDA:36,0,0,15
BRDA:37,1,0,19
BRDA:38,2,0,22
BRDA:39,3,0,21
BRDA:43,4,0,20
BRDA:57,5,0,1
BRDA:57,5,1,22
BRDA:57,6,0,23
BRDA:57,6,1,2
BRDA:82,7,0,1
BRDA:82,7,1,20
BRDA:94,8,0,3
BRDA:94,8,1,19
BRDA:94,9,0,22
BRDA:94,9,1,21
BRDA:109,10,0,0
BRDA:109,10,1,0
BRDA:109,11,0,0
BRDA:109,11,1,0
BRDA:117,12,0,1
BRDA:117,12,1,22
BRDA:118,13,0,1
BRDA:118,13,1,22
BRDA:146,14,0,23
BRDA:146,14,1,1
BRDA:161,15,0,23
BRDA:161,15,1,2
BRDA:161,15,2,1
BRF:28
BRH:24
end_of_record
TN:
SF:src/components/SafeScreen.tsx
FN:45,SafeScreen
FN:120,useSafeArea
FNF:2
FNH:2
FNDA:19,SafeScreen
FNDA:4,useSafeArea
DA:55,19
DA:58,19
DA:65,19
DA:70,19
DA:75,19
DA:76,1
DA:83,18
DA:84,1
DA:103,17
DA:121,4
DA:122,4
DA:132,1
LF:12
LH:12
BRDA:47,0,0,16
BRDA:48,1,0,16
BRDA:49,2,0,18
BRDA:52,3,0,17
BRDA:59,4,0,18
BRDA:59,4,1,1
BRDA:60,5,0,2
BRDA:60,5,1,17
BRDA:61,6,0,1
BRDA:61,6,1,18
BRDA:62,7,0,1
BRDA:62,7,1,18
BRDA:75,8,0,1
BRDA:75,8,1,18
BRDA:83,9,0,1
BRDA:83,9,1,17
BRDA:87,10,0,1
BRDA:87,10,1,0
BRF:18
BRH:17
end_of_record
TN:
SF:src/components/XpProgressBar.tsx
FN:14,XpProgressBar
FN:27,(anonymous_1)
FNF:2
FNH:2
FNDA:16,XpProgressBar
FNDA:16,(anonymous_1)
DA:22,16
DA:23,16
DA:25,16
DA:27,16
DA:28,16
DA:29,15
DA:35,1
DA:39,16
DA:44,16
DA:88,1
LF:10
LH:10
BRDA:18,0,0,15
BRDA:19,1,0,14
BRDA:25,2,0,15
BRDA:25,2,1,1
BRDA:28,3,0,15
BRDA:28,3,1,1
BRDA:78,4,0,16
BRDA:78,4,1,15
BRF:8
BRH:8
end_of_record
TN:
SF:src/hooks/useAchievements.ts
FN:31,useAchievements
FN:34,(anonymous_1)
FN:42,useAchievementCategories
FN:53,(anonymous_3)
FN:60,(anonymous_4)
FN:67,(anonymous_5)
FN:74,(anonymous_6)
FN:80,(anonymous_7)
FN:81,(anonymous_8)
FN:88,useRecentAchievements
FN:94,(anonymous_10)
FN:95,(anonymous_11)
FN:99,useNextAchievement
FN:104,(anonymous_13)
FN:107,(anonymous_14)
FNF:15
FNH:15
FNDA:22,useAchievements
FNDA:11,(anonymous_1)
FNDA:6,useAchievementCategories
FNDA:8,(anonymous_3)
FNDA:8,(anonymous_4)
FNDA:8,(anonymous_5)
FNDA:8,(anonymous_6)
FNDA:12,(anonymous_7)
FNDA:8,(anonymous_8)
FNDA:6,useRecentAchievements
FNDA:12,(anonymous_10)
FNDA:2,(anonymous_11)
FNDA:6,useNextAchievement
FNDA:8,(anonymous_13)
FNDA:1,(anonymous_14)
DA:32,22
DA:35,11
DA:36,10
DA:43,6
DA:45,6
DA:46,3
DA:49,3
DA:53,8
DA:60,8
DA:67,8
DA:74,8
DA:80,3
DA:81,12
DA:82,12
DA:85,3
DA:89,6
DA:91,6
DA:93,3
DA:94,12
DA:95,2
DA:100,6
DA:102,6
DA:104,8
DA:105,3
DA:107,1
LF:25
LH:25
BRDA:45,0,0,3
BRDA:45,0,1,3
BRDA:53,1,0,8
BRDA:53,1,1,6
BRDA:60,2,0,8
BRDA:60,2,1,6
BRDA:67,3,0,8
BRDA:67,3,1,6
BRDA:74,4,0,8
BRDA:74,4,1,6
BRDA:74,4,2,6
BRDA:74,4,3,4
BRDA:74,4,4,2
BRDA:74,4,5,0
BRDA:88,5,0,2
BRDA:91,6,0,3
BRDA:91,6,1,3
BRDA:94,7,0,12
BRDA:94,7,1,4
BRDA:102,8,0,3
BRDA:102,8,1,3
BRDA:105,9,0,2
BRDA:105,9,1,1
BRDA:107,10,0,1
BRDA:107,10,1,0
BRDA:107,11,0,1
BRDA:107,11,1,0
BRF:27
BRH:24
end_of_record
TN:
SF:src/hooks/useGlucose.ts
FN:9,useGlucoseReadings
FN:14,(anonymous_1)
FN:30,useAddGlucose
FN:35,(anonymous_3)
FN:52,(anonymous_4)
FN:59,useDeleteGlucose
FN:64,(anonymous_6)
FN:69,(anonymous_7)
FN:76,useGlucoseStats
FN:81,(anonymous_9)
FN:84,(anonymous_10)
FN:85,(anonymous_11)
FN:86,(anonymous_12)
FN:102,useTodayStats
FN:107,(anonymous_14)
FN:110,(anonymous_15)
FNF:16
FNH:8
FNDA:6,useGlucoseReadings
FNDA:3,(anonymous_1)
FNDA:6,useAddGlucose
FNDA:2,(anonymous_3)
FNDA:2,(anonymous_4)
FNDA:6,useDeleteGlucose
FNDA:2,(anonymous_6)
FNDA:1,(anonymous_7)
FNDA:0,useGlucoseStats
FNDA:0,(anonymous_9)
FNDA:0,(anonymous_10)
FNDA:0,(anonymous_11)
FNDA:0,(anonymous_12)
FNDA:0,useTodayStats
FNDA:0,(anonymous_14)
FNDA:0,(anonymous_15)
DA:10,6
DA:12,6
DA:15,3
DA:16,3
DA:17,1
DA:18,1
DA:19,1
DA:20,1
DA:22,3
DA:23,2
DA:24,2
DA:31,6
DA:32,6
DA:34,6
DA:36,2
DA:44,2
DA:45,2
DA:46,2
DA:47,2
DA:50,2
DA:53,2
DA:54,2
DA:60,6
DA:61,6
DA:63,6
DA:65,2
DA:66,2
DA:67,1
DA:70,1
DA:71,1
DA:77,0
DA:79,0
DA:81,0
DA:82,0
DA:84,0
DA:85,0
DA:86,0
DA:88,0
DA:92,0
DA:103,0
DA:104,0
DA:106,0
DA:107,0
DA:110,0
DA:111,0
DA:113,0
LF:46
LH:30
BRDA:16,0,0,1
BRDA:16,0,1,2
BRDA:16,1,0,3
BRDA:16,1,1,2
BRDA:18,2,0,1
BRDA:18,2,1,0
BRDA:19,3,0,1
BRDA:19,3,1,0
BRDA:40,4,0,2
BRDA:40,4,1,1
BRDA:45,5,0,2
BRDA:45,5,1,0
BRDA:79,6,0,0
BRDA:79,6,1,0
BRDA:82,7,0,0
BRDA:82,7,1,0
BRDA:88,8,0,0
BRDA:88,8,1,0
BRDA:106,9,0,0
BRDA:106,9,1,0
BRDA:111,10,0,0
BRDA:111,10,1,0
BRF:22
BRH:9
end_of_record
TN:
SF:src/hooks/useSocial.ts
FN:23,useFriends
FN:28,(anonymous_1)
FN:37,useFriendRequests
FN:42,(anonymous_3)
FN:51,useActivityFeed
FN:56,(anonymous_5)
FN:66,useAddFriend
FN:70,(anonymous_7)
FN:74,(anonymous_8)
FN:81,useAcceptFriendRequest
FN:86,(anonymous_10)
FN:91,(anonymous_11)
FN:98,useDeclineFriendRequest
FN:103,(anonymous_13)
FN:108,(anonymous_14)
FN:114,useLikeActivity
FN:119,(anonymous_16)
FN:124,(anonymous_17)
FN:130,useSearchUsers
FN:132,(anonymous_19)
FNF:20
FNH:20
FNDA:2,useFriends
FNDA:1,(anonymous_1)
FNDA:2,useFriendRequests
FNDA:1,(anonymous_3)
FNDA:2,useActivityFeed
FNDA:1,(anonymous_5)
FNDA:3,useAddFriend
FNDA:1,(anonymous_7)
FNDA:1,(anonymous_8)
FNDA:3,useAcceptFriendRequest
FNDA:1,(anonymous_10)
FNDA:1,(anonymous_11)
FNDA:3,useDeclineFriendRequest
FNDA:1,(anonymous_13)
FNDA:1,(anonymous_14)
FNDA:3,useLikeActivity
FNDA:1,(anonymous_16)
FNDA:1,(anonymous_17)
FNDA:6,useSearchUsers
FNDA:2,(anonymous_19)
DA:24,2
DA:26,2
DA:29,1
DA:30,1
DA:31,1
DA:38,2
DA:40,2
DA:43,1
DA:44,1
DA:45,1
DA:52,2
DA:54,2
DA:57,1
DA:58,1
DA:59,1
DA:67,3
DA:69,3
DA:71,1
DA:72,1
DA:75,1
DA:76,1
DA:82,3
DA:83,3
DA:85,3
DA:87,1
DA:88,1
DA:89,1
DA:92,1
DA:93,1
DA:99,3
DA:100,3
DA:102,3
DA:104,1
DA:105,1
DA:106,1
DA:109,1
DA:115,3
DA:116,3
DA:118,3
DA:120,1
DA:121,1
DA:122,1
DA:125,1
DA:131,6
DA:133,2
DA:134,2
LF:46
LH:46
BRF:0
BRH:0
end_of_record
TN:
SF:src/hooks/useUser.ts
FN:12,mapApiUserToStoreUser
FN:29,useUser
FN:34,(anonymous_2)
FN:44,useLogin
FN:49,(anonymous_4)
FN:53,(anonymous_5)
FN:60,useRegister
FN:65,(anonymous_7)
FN:74,(anonymous_8)
FN:81,useLogout
FN:86,(anonymous_10)
FN:94,(anonymous_11)
FN:102,useUpdateProfile
FN:107,(anonymous_13)
FN:111,(anonymous_14)
FNF:15
FNH:15
FNDA:5,mapApiUserToStoreUser
FNDA:6,useUser
FNDA:3,(anonymous_2)
FNDA:6,useLogin
FNDA:2,(anonymous_4)
FNDA:1,(anonymous_5)
FNDA:6,useRegister
FNDA:2,(anonymous_7)
FNDA:1,(anonymous_8)
FNDA:6,useLogout
FNDA:2,(anonymous_10)
FNDA:2,(anonymous_11)
FNDA:3,useUpdateProfile
FNDA:1,(anonymous_13)
FNDA:1,(anonymous_14)
DA:13,5
DA:30,6
DA:32,6
DA:35,3
DA:36,2
DA:37,2
DA:38,2
DA:45,6
DA:46,6
DA:48,6
DA:50,2
DA:51,1
DA:54,1
DA:55,1
DA:61,6
DA:62,6
DA:64,6
DA:67,2
DA:72,1
DA:75,1
DA:76,1
DA:82,6
DA:83,6
DA:85,6
DA:87,2
DA:88,2
DA:91,1
DA:96,2
DA:97,2
DA:103,3
DA:104,3
DA:106,3
DA:108,1
DA:109,1
DA:112,1
DA:113,1
LF:36
LH:36
BRDA:16,0,0,5
BRDA:16,0,1,0
BRDA:17,1,0,5
BRDA:17,1,1,0
BRF:4
BRH:2
end_of_record
TN:
SF:src/store/glucoseStore.ts
FN:29,(anonymous_0)
FN:37,(anonymous_1)
FN:49,(anonymous_2)
FN:52,(anonymous_3)
FN:53,(anonymous_4)
FN:54,(anonymous_5)
FN:83,(anonymous_6)
FN:88,(anonymous_7)
FN:96,(anonymous_8)
FN:104,(anonymous_9)
FN:105,(anonymous_10)
FN:106,(anonymous_11)
FN:113,(anonymous_12)
FN:114,(anonymous_13)
FN:115,(anonymous_14)
FN:120,(anonymous_15)
FN:125,(anonymous_16)
FN:126,(anonymous_17)
FN:127,(anonymous_18)
FN:128,(anonymous_19)
FN:134,(anonymous_20)
FN:139,(anonymous_21)
FN:141,(anonymous_22)
FN:144,(anonymous_23)
FN:150,(anonymous_24)
FN:151,(anonymous_25)
FNF:26
FNH:26
FNDA:55,(anonymous_0)
FNDA:60,(anonymous_1)
FNDA:170,(anonymous_2)
FNDA:170,(anonymous_3)
FNDA:170,(anonymous_4)
FNDA:170,(anonymous_5)
FNDA:1,(anonymous_6)
FNDA:52,(anonymous_7)
FNDA:52,(anonymous_8)
FNDA:3,(anonymous_9)
FNDA:3,(anonymous_10)
FNDA:4,(anonymous_11)
FNDA:2,(anonymous_12)
FNDA:2,(anonymous_13)
FNDA:3,(anonymous_14)
FNDA:2,(anonymous_15)
FNDA:1,(anonymous_16)
FNDA:1,(anonymous_17)
FNDA:1,(anonymous_18)
FNDA:1,(anonymous_19)
FNDA:60,(anonymous_20)
FNDA:1,(anonymous_21)
FNDA:2,(anonymous_22)
FNDA:3,(anonymous_23)
FNDA:1,(anonymous_24)
FNDA:147,(anonymous_25)
DA:29,1
DA:30,55
DA:32,55
DA:33,52
DA:34,48
DA:37,1
DA:38,60
DA:39,2
DA:49,170
DA:50,58
DA:52,170
DA:53,170
DA:54,170
DA:56,58
DA:58,58
DA:68,1
DA:83,1
DA:89,52
DA:96,52
DA:101,52
DA:105,3
DA:107,4
DA:110,3
DA:114,2
DA:115,3
DA:117,2
DA:121,2
DA:122,2
DA:126,1
DA:128,1
DA:135,60
DA:136,60
DA:140,1
DA:141,2
DA:145,3
DA:150,1
DA:151,147
LF:37
LH:37
BRDA:30,0,0,0
BRDA:30,0,1,55
BRDA:32,1,0,3
BRDA:32,1,1,52
BRDA:33,2,0,4
BRDA:33,2,1,48
BRDA:38,3,0,2
BRDA:38,3,1,58
BRDA:107,4,0,3
BRDA:107,4,1,1
BRDA:107,5,0,3
BRDA:107,5,1,0
BRDA:128,6,0,1
BRDA:128,6,1,0
BRDA:144,7,0,1
BRF:15
BRH:12
end_of_record
TN:
SF:src/store/socialStore.ts
FN:57,(anonymous_0)
FN:63,(anonymous_1)
FN:65,(anonymous_2)
FN:65,(anonymous_3)
FN:70,(anonymous_4)
FN:70,(anonymous_5)
FN:71,(anonymous_6)
FN:75,(anonymous_7)
FN:77,(anonymous_8)
FN:77,(anonymous_9)
FN:78,(anonymous_10)
FN:81,(anonymous_11)
FN:81,(anonymous_12)
FN:82,(anonymous_13)
FN:85,(anonymous_14)
FN:87,(anonymous_15)
FN:87,(anonymous_16)
FN:91,(anonymous_17)
FN:93,(anonymous_18)
FN:93,(anonymous_19)
FN:94,(anonymous_20)
FN:101,(anonymous_21)
FN:102,(anonymous_22)
FNF:23
FNH:23
FNDA:1,(anonymous_0)
FNDA:4,(anonymous_1)
FNDA:9,(anonymous_2)
FNDA:9,(anonymous_3)
FNDA:4,(anonymous_4)
FNDA:4,(anonymous_5)
FNDA:5,(anonymous_6)
FNDA:4,(anonymous_7)
FNDA:2,(anonymous_8)
FNDA:2,(anonymous_9)
FNDA:3,(anonymous_10)
FNDA:1,(anonymous_11)
FNDA:1,(anonymous_12)
FNDA:1,(anonymous_13)
FNDA:5,(anonymous_14)
FNDA:1,(anonymous_15)
FNDA:1,(anonymous_16)
FNDA:1,(anonymous_17)
FNDA:3,(anonymous_18)
FNDA:3,(anonymous_19)
FNDA:4,(anonymous_20)
FNDA:1,(anonymous_21)
FNDA:58,(anonymous_22)
DA:55,1
DA:57,1
DA:63,4
DA:65,9
DA:70,4
DA:71,5
DA:75,4
DA:77,2
DA:78,3
DA:81,1
DA:82,1
DA:85,5
DA:87,1
DA:91,1
DA:93,3
DA:95,4
DA:101,1
DA:102,58
LF:18
LH:18
BRDA:95,0,0,2
BRDA:95,0,1,2
BRF:2
BRH:2
end_of_record
TN:
SF:src/store/userStore.ts
FN:44,(anonymous_0)
FN:51,(anonymous_1)
FN:57,(anonymous_2)
FN:57,(anonymous_3)
FN:61,(anonymous_4)
FN:61,(anonymous_5)
FN:76,(anonymous_6)
FN:76,(anonymous_7)
FN:80,(anonymous_8)
FN:82,(anonymous_9)
FN:84,(anonymous_10)
FN:86,(anonymous_11)
FN:86,(anonymous_12)
FN:90,(anonymous_13)
FN:100,(anonymous_14)
FN:101,(anonymous_15)
FNF:16
FNH:16
FNDA:1,(anonymous_0)
FNDA:15,(anonymous_1)
FNDA:3,(anonymous_2)
FNDA:3,(anonymous_3)
FNDA:7,(anonymous_4)
FNDA:7,(anonymous_5)
FNDA:2,(anonymous_6)
FNDA:2,(anonymous_7)
FNDA:2,(anonymous_8)
FNDA:2,(anonymous_9)
FNDA:2,(anonymous_10)
FNDA:3,(anonymous_11)
FNDA:3,(anonymous_12)
FNDA:27,(anonymous_13)
FNDA:1,(anonymous_14)
FNDA:63,(anonymous_15)
DA:42,1
DA:44,1
DA:51,15
DA:57,3
DA:61,7
DA:62,7
DA:64,6
DA:65,6
DA:67,6
DA:76,2
DA:80,2
DA:82,2
DA:84,2
DA:86,3
DA:90,27
DA:100,1
DA:101,63
LF:17
LH:17
BRDA:54,0,0,15
BRDA:54,0,1,2
BRDA:58,1,0,2
BRDA:58,1,1,1
BRDA:62,2,0,1
BRDA:62,2,1,6
BRDA:77,3,0,1
BRDA:77,3,1,1
BRDA:87,4,0,2
BRDA:87,4,1,1
BRF:10
BRH:10
end_of_record
